1749109785945642	1000
1749109785945679	1000
1749109785946563	1000
1749109785949103	1000
1749109785950730	1000
1749109785951146	1000
1749109785951292	1000
1749109785951685	1000
1749109785952159	1000
1749109785953085	1000
1749109785954955	1000
1749109785955314	1000
1749109785955845	1000
1749109785955848	1000
1749109785956739	1000
1749109785957814	1000
1749109785958222	1000
1749109785958302	1000
1749109785958385	1000
1749109785959322	1000
1749109785959581	1000
1749109785959999	1000
1749109785960011	1000
1749109785960258	1000
1749109785960524	1000
1749109785960826	1000
1749109785960978	1000
1749109785961192	1000
1749109785961320	1000
1749109785961571	1000
1749109785961776	1000
1749109785961819	1000
1749109785962042	1000
1749109785962311	1000
1749109785962522	1000
1749109785962614	1000
1749109785962844	1000
1749109785963054	1000
1749109785963318	1000
1749109785963561	1000
1749109785963730	1000
1749109785963970	1000
1749109785964209	1000
1749109785964425	1000
1749109785964548	1000
1749109785964554	1000
1749109785964622	1000
1749109785964687	1000
1749109785964829	1000
1749109785964844	1000
1749109785964913	1000
1749109785964975	1000
1749109785965029	1000
1749109785965116	1000
1749109785965248	1000
1749109785965253	1000
1749109785965299	1000
1749109785965386	1000
1749109785965431	1000
1749109785965562	1000
1749109785965575	1000
1749109785965686	1000
1749109785965693	1000
1749109785965821	1000
1749109785965829	1000
1749109785965884	1000
1749109785966017	1000
1749109785966024	1000
1749109785966104	1000
1749109785966231	1000
1749109785966239	1000
1749109785966361	1000
1749109785966454	1000
1749109785966534	1000
1749109785966616	1000
1749109785966704	1000
1749109785966776	1000
1749109785966855	1000
1749109785966939	1000
1749109785967089	1000
1749109785967209	1000
1749109785967216	1000
1749109785967343	1000
1749109785967373	1000
1749109785967443	1000
1749109785967518	1000
1749109785967609	1000
1749109785967701	1000
1749109785967776	1000
1749109785967866	1000
1749109785968116	1000
1749109785968192	1000
1749109785968272	1000
1749109785968353	1000
1749109785968483	1000
1749109785968531	1000
1749109785968603	1000
1749109785968686	1000
1749109785968816	1000
1749109785968880	1000
1749109785969030	1000
1749109785969037	1000
1749109785969104	1000
1749109785969167	1000
1749109785969293	1000
1749109785969478	1000
1749109785969610	1000
1749109785969618	1000
1749109785969680	1000
1749109785969762	1000
1749109785969938	1000
1749109785970021	1000
1749109785970026	1000
1749109785970197	1000
1749109785970291	1000
1749109785970299	1000
1749109785970365	1000
1749109785970430	1000
1749109785970515	1000
1749109785970540	1000
1749109785970640	1000
1749109785970795	1000
1749109785970807	1000
1749109785970879	1000
1749109785971003	1000
1749109785971008	1000
1749109785971074	1000
1749109785971206	1000
1749109785971271	1000
1749109785971336	1000
1749109785971471	1000
1749109785971478	1000
1749109785971602	1000
1749109785971616	1000
1749109785971728	1000
1749109785971738	1000
1749109785971851	1000
1749109785972016	1000
1749109785972029	1000
1749109785972075	1000
1749109785972140	1000
1749109785972208	1000
1749109785972275	1000
1749109785972486	1000
1749109785972492	1000
1749109785972552	1000
1749109785972594	1000
1749109785972683	1000
1749109785995998	1000
1749109785996035	1000
1749109785996356	1000
1749109785996572	1000
1749109785996585	1000
1749109785996669	1000
1749109785996783	1000
1749109785996954	1000
1749109785997032	1000
1749109785997219	1000
1749109785997230	1000
1749109785997344	1000
1749109785997427	1000
1749109785997499	1000
1749109785997630	1000
1749109785997737	1000
1749109785997806	1000
1749109785997937	1000
1749109785998019	1000
1749109785998151	1000
1749109785998212	1000
1749109785998331	1000
1749109785998529	1000
1749109785998647	1000
1749109785999364	1000
1749109785999411	1000
1749109785999598	1000
1749109785999603	1000
1749109785999673	1000
1749109785999753	1000
1749109785999921	1000
1749109785999937	1000
1749109786000020	1000
1749109786000109	1000
1749109786000197	1000
1749109786000328	1000
1749109786000497	1000
1749109786000504	1000
1749109786000635	1000
1749109786000727	1000
1749109786001066	1000
1749109786001163	1000
1749109786001171	1000
1749109786001257	1000
1749109786001324	1000
1749109786001379	1000
1749109786001478	1000
1749109786001636	1000
1749109786001739	1000
1749109786001830	1000
1749109786001926	1000
1749109786002009	1000
1749109786002129	1000
1749109786002207	1000
1749109786002357	1000
1749109786002438	1000
1749109786002511	1000
1749109786002587	1000
1749109786002733	1000
1749109786002935	1000
1749109786003103	1000
1749109786003122	1000
1749109786003262	1000
1749109786003272	1000
1749109786003344	1000
1749109786003431	1000
1749109786003565	1000
1749109786003930	1000
1749109786003935	1000
1749109786004026	1000
1749109786004071	1000
1749109786004150	1000
1749109786004308	1000
1749109786004339	1000
1749109786004410	1000
1749109786004526	1000
1749109786004677	1000
1749109786004783	1000
1749109786004799	1000
1749109786004872	1000
1749109786005053	1000
1749109786005064	1000
1749109786005255	1000
1749109786005523	1000
1749109786005533	1000
1749109786005936	1000
1749109786005943	1000
1749109786006483	1000
1749109786006495	1000
1749109786006583	1000
1749109786006654	1000
1749109786006793	1000
1749109786006867	1000
1749109786006944	1000
1749109786007051	1000
1749109786007148	1000
1749109786007510	1000
1749109786007733	1000
1749109786007807	1000
1749109786007815	1000
1749109786007893	1000
1749109786007973	1000
1749109786008118	1000
1749109786008384	1000
1749109786008391	1000
1749109786008457	1000
1749109786008548	1000
1749109786008624	1000
1749109786008710	1000
1749109786008796	1000
1749109786008902	1000
1749109786009091	1000
1749109786009099	1000
1749109786009226	1000
1749109786009580	1000
1749109786009591	1000
1749109786009740	1000
1749109786009747	1000
1749109786009849	1000
1749109786009952	1000
1749109786010234	1000
1749109786010242	1000
1749109786010434	1000
1749109786010440	1000
1749109786010620	1000
1749109786010764	1000
1749109786010851	1000
1749109786010940	1000
1749109786011016	1000
1749109786011138	1000
1749109786011228	1000
1749109786011285	1000
1749109786011447	1000
1749109786011522	1000
1749109786011627	1000
1749109786011735	1000
1749109786011859	1000
1749109786011920	1000
1749109786012081	1000
1749109786012273	1000
1749109786012277	1000
1749109786012330	1000
1749109786012462	1000
1749109786012514	1000
1749109786012659	1000
1749109786012771	1000
1749109786012909	1000
1749109786013037	1000
1749109786013116	1000
1749109786013207	1000
1749109786013307	1000
1749109786013965	1000
1749109786013975	1000
1749109786014073	1000
1749109786014131	1000
1749109786014269	1000
1749109786014399	1000
1749109786014475	1000
1749109786014554	1000
1749109786014645	1000
1749109786014744	1000
1749109786014817	1000
1749109786015000	1000
1749109786015233	1000
1749109786015255	1000
1749109786015342	1000
1749109786015398	1000
1749109786045812	1000
1749109786045852	1000
1749109786046030	1000
1749109786046165	1000
1749109786046317	1000
1749109786046465	1000
1749109786046678	1000
1749109786046749	1000
1749109786046976	1000
1749109786046990	1000
1749109786047174	1000
1749109786047181	1000
1749109786047235	1000
1749109786047401	1000
1749109786047492	1000
1749109786047576	1000
1749109786047645	1000
1749109786047824	1000
1749109786047845	1000
1749109786047914	1000
1749109786048063	1000
1749109786048237	1000
1749109786048243	1000
1749109786048296	1000
1749109786048447	1000
1749109786048510	1000
1749109786048655	1000
1749109786048687	1000
1749109786048759	1000
1749109786048969	1000
1749109786049270	1000
1749109786049274	1000
1749109786049331	1000
1749109786049444	1000
1749109786049521	1000
1749109786049614	1000
1749109786049707	1000
1749109786049782	1000
1749109786049929	1000
1749109786050003	1000
1749109786050154	1000
1749109786050238	1000
1749109786050315	1000
1749109786050396	1000
1749109786050703	1000
1749109786050708	1000
1749109786050779	1000
1749109786051416	1000
1749109786051429	1000
1749109786051481	1000
1749109786051598	1000
1749109786051656	1000
1749109786051831	1000
1749109786052035	1000
1749109786052104	1000
1749109786052126	1000
1749109786052212	1000
1749109786052267	1000
1749109786052377	1000
1749109786052449	1000
1749109786052565	1000
1749109786052714	1000
1749109786052784	1000
1749109786053061	1000
1749109786053065	1000
1749109786053145	1000
1749109786053378	1000
1749109786053382	1000
1749109786053484	1000
1749109786053849	1000
1749109786053853	1000
1749109786053926	1000
1749109786053984	1000
1749109786054370	1000
1749109786054374	1000
1749109786054448	1000
1749109786054533	1000
1749109786054621	1000
1749109786054782	1000
1749109786054861	1000
1749109786054931	1000
1749109786055004	1000
1749109786055148	1000
1749109786055212	1000
1749109786055337	1000
1749109786055474	1000
1749109786055528	1000
1749109786055600	1000
1749109786055818	1000
1749109786055827	1000
1749109786055954	1000
1749109786056093	1000
1749109786056100	1000
1749109786056173	1000
1749109786056677	1000
1749109786056686	1000
1749109786056752	1000
1749109786056851	1000
1749109786057025	1000
1749109786057130	1000
1749109786057240	1000
1749109786057530	1000
1749109786057816	1000
1749109786058250	1000
1749109786058574	1000
1749109786058855	1000
1749109786058933	1000
1749109786058938	1000
1749109786059002	1000
1749109786059150	1000
1749109786059206	1000
1749109786059330	1000
1749109786059409	1000
1749109786059514	1000
1749109786059601	1000
1749109786059731	1000
1749109786059792	1000
1749109786060034	1000
1749109786060041	1000
1749109786060109	1000
1749109786060197	1000
1749109786060291	1000
1749109786060508	1000
1749109786060520	1000
1749109786060592	1000
1749109786060688	1000
1749109786061015	1000
1749109786061023	1000
1749109786061099	1000
1749109786061198	1000
1749109786061351	1000
1749109786061553	1000
1749109786061560	1000
1749109786061682	1000
1749109786061687	1000
1749109786061756	1000
1749109786061846	1000
1749109786061953	1000
1749109786062065	1000
1749109786062141	1000
1749109786062224	1000
1749109786062293	1000
1749109786062530	1000
1749109786062542	1000
1749109786062623	1000
1749109786062678	1000
1749109786062760	1000
1749109786062830	1000
1749109786062899	1000
1749109786062982	1000
1749109786063141	1000
1749109786063171	1000
1749109786063237	1000
1749109786063363	1000
1749109786063714	1000
1749109786064362	1000
1749109786064478	1000
1749109786064628	1000
1749109786064634	1000
1749109786064688	1000
1749109786065047	1000
1749109786065054	1000
1749109786065099	1000
1749109786065192	1000
1749109786065308	1000
1749109786065453	1000
1749109786065461	1000
1749109786065520	1000
1749109786065645	1000
1749109786065720	1000
1749109786065779	1000
1749109786066016	1000
1749109786066067	1000
1749109786066123	1000
1749109786066224	1000
1749109786066314	1000
1749109786066401	1000
1749109786066487	1000
1749109786066659	1000
1749109786066981	1000
1749109786066987	1000
1749109786067089	1000
1749109786067179	1000
1749109786067251	1000
1749109786095632	1000
1749109786095662	1000
1749109786096522	1000
1749109786096950	1000
1749109786097735	1000
1749109786098095	1000
1749109786098813	1000
1749109786099776	1000
1749109786100049	1000
1749109786101710	1000
1749109786102494	1000
1749109786103397	1000
1749109786103568	1000
1749109786104427	1000
1749109786104568	1000
1749109786105412	1000
1749109786105980	1000
1749109786106366	1000
1749109786106436	1000
1749109786107729	1000
1749109786107940	1000
1749109786108706	1000
1749109786108985	1000
1749109786109184	1000
1749109786109472	1000
1749109786109661	1000
1749109786109914	1000
1749109786110134	1000
1749109786110379	1000
1749109786111093	1000
1749109786111369	1000
1749109786111584	1000
1749109786111791	1000
1749109786111981	1000
1749109786112220	1000
1749109786112302	1000
1749109786112514	1000
1749109786112739	1000
1749109786113036	1000
1749109786113306	1000
1749109786113717	1000
1749109786113772	1000
1749109786113778	1000
1749109786113903	1000
1749109786113910	1000
1749109786113963	1000
1749109786114186	1000
1749109786114295	1000
1749109786114301	1000
1749109786114341	1000
1749109786114451	1000
1749109786114458	1000
1749109786114507	1000
1749109786114618	1000
1749109786114623	1000
1749109786114747	1000
1749109786114911	1000
1749109786114918	1000
1749109786114988	1000
1749109786115035	1000
1749109786115169	1000
1749109786115230	1000
1749109786115279	1000
1749109786115394	1000
1749109786115506	1000
1749109786115513	1000
1749109786115592	1000
1749109786115706	1000
1749109786115711	1000
1749109786115773	1000
1749109786115883	1000
1749109786115890	1000
1749109786115943	1000
1749109786116029	1000
1749109786116074	1000
1749109786116206	1000
1749109786116271	1000
1749109786116367	1000
1749109786116409	1000
1749109786116464	1000
1749109786116530	1000
1749109786116658	1000
1749109786116663	1000
1749109786116742	1000
1749109786116792	1000
1749109786116846	1000
1749109786116952	1000
1749109786116959	1000
1749109786117042	1000
1749109786117151	1000
1749109786117159	1000
1749109786117231	1000
1749109786117278	1000
1749109786117353	1000
1749109786117414	1000
1749109786117482	1000
1749109786117537	1000
1749109786117634	1000
1749109786117674	1000
1749109786117855	1000
1749109786117859	1000
1749109786117958	1000
1749109786118009	1000
1749109786118077	1000
1749109786118147	1000
1749109786118231	1000
1749109786118313	1000
1749109786118392	1000
1749109786118473	1000
1749109786118560	1000
1749109786118638	1000
1749109786118718	1000
1749109786118847	1000
1749109786118897	1000
1749109786118977	1000
1749109786119078	1000
1749109786119122	1000
1749109786119265	1000
1749109786119269	1000
1749109786119359	1000
1749109786119477	1000
1749109786119717	1000
1749109786119722	1000
1749109786119775	1000
1749109786119956	1000
1749109786119964	1000
1749109786120015	1000
1749109786120089	1000
1749109786120175	1000
1749109786120243	1000
1749109786120330	1000
1749109786120505	1000
1749109786120509	1000
1749109786120556	1000
1749109786120650	1000
1749109786120732	1000
1749109786120817	1000
1749109786120905	1000
1749109786121042	1000
1749109786121216	1000
1749109786121223	1000
1749109786121276	1000
1749109786121370	1000
1749109786121446	1000
1749109786121582	1000
1749109786121764	1000
1749109786121771	1000
1749109786121847	1000
1749109786121896	1000
1749109786122106	1000
1749109786122151	1000
1749109786122158	1000
1749109786122298	1000
1749109786122303	1000
1749109786122375	1000
1749109786122434	1000
1749109786122518	1000
1749109786122600	1000
1749109786122740	1000
1749109786123130	1000
1749109786145622	1000
1749109786145649	1000
1749109786146171	1000
1749109786146744	1000
1749109786147465	1000
1749109786147602	1000
1749109786148041	1000
1749109786148250	1000
1749109786148722	1000
1749109786148874	1000
1749109786149430	1000
1749109786150625	1000
1749109786150928	1000
1749109786151284	1000
1749109786151468	1000
1749109786151749	1000
1749109786152369	1000
1749109786152793	1000
1749109786152969	1000
1749109786153120	1000
1749109786153364	1000
1749109786153974	1000
1749109786154184	1000
1749109786154669	1000
1749109786155065	1000
1749109786155556	1000
1749109786155870	1000
1749109786156114	1000
1749109786156358	1000
1749109786157010	1000
1749109786157442	1000
1749109786157730	1000
1749109786158308	1000
1749109786158562	1000
1749109786158999	1000
1749109786159353	1000
1749109786159876	1000
1749109786160423	1000
1749109786160876	1000
1749109786161008	1000
1749109786161515	1000
1749109786162080	1000
1749109786162265	1000
1749109786162401	1000
1749109786162474	1000
1749109786162770	1000
1749109786162841	1000
1749109786163044	1000
1749109786163272	1000
1749109786163355	1000
1749109786163503	1000
1749109786163719	1000
1749109786163796	1000
1749109786164060	1000
1749109786164200	1000
1749109786164321	1000
1749109786164422	1000
1749109786164700	1000
1749109786164802	1000
1749109786165007	1000
1749109786165089	1000
1749109786165262	1000
1749109786165537	1000
1749109786165793	1000
1749109786165934	1000
1749109786165944	1000
1749109786167755	1000
1749109786167840	1000
1749109786168011	1000
1749109786168154	1000
1749109786168319	1000
1749109786168448	1000
1749109786168659	1000
1749109786168667	1000
1749109786168806	1000
1749109786168961	1000
1749109786169331	1000
1749109786169340	1000
1749109786169409	1000
1749109786169532	1000
1749109786169948	1000
1749109786169955	1000
1749109786170035	1000
1749109786170128	1000
1749109786170231	1000
1749109786170315	1000
1749109786170412	1000
1749109786170475	1000
1749109786170575	1000
1749109786170662	1000
1749109786170748	1000
1749109786170891	1000
1749109786171010	1000
1749109786171017	1000
1749109786171092	1000
1749109786171130	1000
1749109786171201	1000
1749109786171301	1000
1749109786171374	1000
1749109786171487	1000
1749109786171626	1000
1749109786171790	1000
1749109786171796	1000
1749109786171857	1000
1749109786171943	1000
1749109786172043	1000
1749109786172119	1000
1749109786172202	1000
1749109786172270	1000
1749109786172365	1000
1749109786172462	1000
1749109786172531	1000
1749109786172697	1000
1749109786172755	1000
1749109786172959	1000
1749109786172963	1000
1749109786173047	1000
1749109786173135	1000
1749109786173222	1000
1749109786173284	1000
1749109786173375	1000
1749109786173463	1000
1749109786173521	1000
1749109786173685	1000
1749109786173808	1000
1749109786173849	1000
1749109786173973	1000
1749109786174079	1000
1749109786174084	1000
1749109786174217	1000
1749109786174390	1000
1749109786174397	1000
1749109786174457	1000
1749109786174539	1000
1749109786174616	1000
1749109786174691	1000
1749109786174799	1000
1749109786174877	1000
1749109786174930	1000
1749109786175071	1000
1749109786175406	1000
1749109786175411	1000
1749109786175456	1000
1749109786175538	1000
1749109786175618	1000
1749109786175691	1000
1749109786175782	1000
1749109786175927	1000
1749109786175934	1000
1749109786175997	1000
1749109786176093	1000
1749109786176173	1000
1749109786176242	1000
1749109786176321	1000
1749109786176402	1000
1749109786176485	1000
1749109786176572	1000
1749109786176683	1000
1749109786176818	1000
1749109786176985	1000
1749109786176995	1000
1749109786177107	1000
1749109786177186	1000
1749109786177293	1000
1749109786195697	1000
1749109786195729	1000
1749109786197051	1000
1749109786198013	1000
1749109786198377	1000
1749109786198592	1000
1749109786198739	1000
1749109786199090	1000
1749109786200223	1000
1749109786201946	1000
1749109786202962	1000
1749109786204195	1000
1749109786205032	1000
1749109786205341	1000
1749109786205540	1000
1749109786205780	1000
1749109786205945	1000
1749109786206130	1000
1749109786206372	1000
1749109786206600	1000
1749109786206869	1000
1749109786207141	1000
1749109786207473	1000
1749109786207835	1000
1749109786207838	1000
1749109786208101	1000
1749109786208428	1000
1749109786208667	1000
1749109786208796	1000
1749109786209019	1000
1749109786209284	1000
1749109786209579	1000
1749109786209854	1000
1749109786209993	1000
1749109786210176	1000
1749109786210184	1000
1749109786210417	1000
1749109786210677	1000
1749109786210954	1000
1749109786211240	1000
1749109786211586	1000
1749109786211814	1000
1749109786212097	1000
1749109786212361	1000
1749109786212533	1000
1749109786212614	1000
1749109786212893	1000
1749109786213059	1000
1749109786213066	1000
1749109786213368	1000
1749109786213660	1000
1749109786213845	1000
1749109786213849	1000
1749109786214101	1000
1749109786214442	1000
1749109786214696	1000
1749109786214726	1000
1749109786214853	1000
1749109786215023	1000
1749109786215031	1000
1749109786215089	1000
1749109786215168	1000
1749109786215251	1000
1749109786215389	1000
1749109786215616	1000
1749109786215623	1000
1749109786215678	1000
1749109786215768	1000
1749109786215890	1000
1749109786215944	1000
1749109786216065	1000
1749109786216121	1000
1749109786216210	1000
1749109786216292	1000
1749109786216416	1000
1749109786216599	1000
1749109786216607	1000
1749109786216678	1000
1749109786216753	1000
1749109786216858	1000
1749109786216917	1000
1749109786217013	1000
1749109786217090	1000
1749109786217178	1000
1749109786217312	1000
1749109786217418	1000
1749109786217423	1000
1749109786217487	1000
1749109786217567	1000
1749109786217697	1000
1749109786217892	1000
1749109786217950	1000
1749109786218109	1000
1749109786218175	1000
1749109786218259	1000
1749109786218347	1000
1749109786218416	1000
1749109786218550	1000
1749109786218675	1000
1749109786218793	1000
1749109786218798	1000
1749109786218888	1000
1749109786218961	1000
1749109786219058	1000
1749109786219112	1000
1749109786219203	1000
1749109786219333	1000
1749109786219375	1000
1749109786219441	1000
1749109786219516	1000
1749109786219595	1000
1749109786219677	1000
1749109786219800	1000
1749109786219969	1000
1749109786219973	1000
1749109786220027	1000
1749109786220116	1000
1749109786220186	1000
1749109786220269	1000
1749109786220388	1000
1749109786220439	1000
1749109786220506	1000
1749109786220590	1000
1749109786220949	1000
1749109786221099	1000
1749109786221160	1000
1749109786221216	1000
1749109786221292	1000
1749109786221375	1000
1749109786221437	1000
1749109786221479	1000
1749109786221620	1000
1749109786221629	1000
1749109786221687	1000
1749109786221752	1000
1749109786221808	1000
1749109786221883	1000
1749109786221964	1000
1749109786222094	1000
1749109786222099	1000
1749109786222223	1000
1749109786222230	1000
1749109786222351	1000
1749109786222357	1000
1749109786222425	1000
1749109786222493	1000
1749109786222573	1000
1749109786222655	1000
1749109786222743	1000
1749109786245185	1000
1749109786245222	1000
1749109786245549	1000
1749109786245792	1000
1749109786246042	1000
1749109786246492	1000
1749109786246619	1000
1749109786246740	1000
1749109786246748	1000
1749109786246820	1000
1749109786246986	1000
1749109786247230	1000
1749109786247523	1000
1749109786247728	1000
1749109786247865	1000
1749109786247967	1000
1749109786248190	1000
1749109786248548	1000
1749109786248557	1000
1749109786248821	1000
1749109786249004	1000
1749109786249009	1000
1749109786249274	1000
1749109786249545	1000
1749109786249710	1000
1749109786249973	1000
1749109786250265	1000
1749109786250465	1000
