1749109785945604	1000
1749109785945679	1000
1749109785946070	1000
1749109785946234	1000
1749109785946256	1000
1749109785946409	1000
1749109785946590	1000
1749109785946598	1000
1749109785946791	1000
1749109785946892	1000
1749109785946985	1000
1749109785947124	1000
1749109785947298	1000
1749109785947302	1000
1749109785947383	1000
1749109785947463	1000
1749109785947718	1000
1749109785947722	1000
1749109785947913	1000
1749109785947984	1000
1749109785947993	1000
1749109785948062	1000
1749109785948149	1000
1749109785948248	1000
1749109785948324	1000
1749109785948485	1000
1749109785948569	1000
1749109785948661	1000
1749109785948764	1000
1749109785949106	1000
1749109785949182	1000
1749109785949186	1000
1749109785949262	1000
1749109785949410	1000
1749109785949490	1000
1749109785949560	1000
1749109785949709	1000
1749109785949778	1000
1749109785949850	1000
1749109785949938	1000
1749109785950033	1000
1749109785950079	1000
1749109785950198	1000
1749109785950327	1000
1749109785950337	1000
1749109785950424	1000
1749109785950497	1000
1749109785950571	1000
1749109785950723	1000
1749109785950806	1000
1749109785950948	1000
1749109785951282	1000
1749109785951290	1000
1749109785951435	1000
1749109785951443	1000
1749109785951494	1000
1749109785951695	1000
1749109785951706	1000
1749109785951767	1000
1749109785952165	1000
1749109785952174	1000
1749109785952268	1000
1749109785952341	1000
1749109785952396	1000
1749109785952476	1000
1749109785952662	1000
1749109785952668	1000
1749109785952897	1000
1749109785953091	1000
1749109785953094	1000
1749109785953152	1000
1749109785953253	1000
1749109785953396	1000
1749109785953481	1000
1749109785953696	1000
1749109785953701	1000
1749109785953825	1000
1749109785954031	1000
1749109785954101	1000
1749109785954342	1000
1749109785954409	1000
1749109785954413	1000
1749109785954494	1000
1749109785954598	1000
1749109785954760	1000
1749109785954872	1000
1749109785954960	1000
1749109785955735	1000
1749109785955741	1000
1749109785955826	1000
1749109785956025	1000
1749109785956108	1000
1749109785956252	1000
1749109785956415	1000
1749109785956665	1000
1749109785956672	1000
1749109785956748	1000
1749109785956948	1000
1749109785956955	1000
1749109785957010	1000
1749109785957141	1000
1749109785957209	1000
1749109785957283	1000
1749109785957378	1000
1749109785957470	1000
1749109785957634	1000
1749109785957815	1000
1749109785957821	1000
1749109785957877	1000
1749109785958392	1000
1749109785958401	1000
1749109785958470	1000
1749109785958605	1000
1749109785958634	1000
1749109785958714	1000
1749109785958822	1000
1749109785958905	1000
1749109785959079	1000
1749109785959328	1000
1749109785996017	1000
1749109785996039	1000
1749109785996284	1000
1749109785996510	1000
1749109785996793	1000
1749109785997094	1000
1749109785997428	1000
1749109785997745	1000
1749109785997992	1000
1749109785998337	1000
1749109785998400	1000
1749109785998645	1000
1749109785999291	1000
1749109785999437	1000
1749109785999671	1000
1749109785999931	1000
1749109786000186	1000
1749109786000488	1000
1749109786000855	1000
1749109786001150	1000
1749109786001156	1000
1749109786001389	1000
1749109786001709	1000
1749109786002024	1000
1749109786002364	1000
1749109786002652	1000
1749109786002935	1000
1749109786003083	1000
1749109786003354	1000
1749109786003686	1000
1749109786004030	1000
1749109786004082	1000
1749109786004299	1000
1749109786004538	1000
1749109786004771	1000
1749109786005050	1000
1749109786005336	1000
1749109786005386	1000
1749109786005513	1000
1749109786005740	1000
1749109786005943	1000
1749109786006052	1000
1749109786006212	1000
1749109786006293	1000
1749109786006503	1000
1749109786006509	1000
1749109786006776	1000
1749109786007036	1000
1749109786007275	1000
1749109786007373	1000
1749109786007705	1000
1749109786007712	1000
1749109786007975	1000
1749109786008240	1000
1749109786008389	1000
1749109786008398	1000
1749109786008636	1000
1749109786008912	1000
1749109786009168	1000
1749109786009418	1000
1749109786009501	1000
1749109786009598	1000
1749109786009857	1000
1749109786010068	1000
1749109786010418	1000
1749109786010428	1000
1749109786010518	1000
1749109786010771	1000
1749109786011033	1000
1749109786011292	1000
1749109786011645	1000
1749109786011926	1000
1749109786012281	1000
1749109786012528	1000
1749109786012847	1000
1749109786013213	1000
1749109786013550	1000
1749109786013981	1000
1749109786013987	1000
1749109786014234	1000
1749109786014545	1000
1749109786014823	1000
1749109786015116	1000
1749109786015350	1000
1749109786015578	1000
1749109786015653	1000
1749109786015717	1000
1749109786015798	1000
1749109786015903	1000
1749109786016020	1000
1749109786016108	1000
1749109786016185	1000
1749109786016291	1000
1749109786016451	1000
1749109786016521	1000
1749109786016622	1000
1749109786016755	1000
1749109786016826	1000
1749109786017008	1000
1749109786017123	1000
1749109786017256	1000
1749109786017324	1000
1749109786017401	1000
1749109786017478	1000
1749109786017579	1000
1749109786017734	1000
1749109786017903	1000
1749109786018008	1000
1749109786018081	1000
1749109786018161	1000
1749109786018231	1000
1749109786045842	1000
1749109786045860	1000
1749109786046308	1000
1749109786048218	1000
1749109786048879	1000
1749109786049258	1000
1749109786050717	1000
1749109786051214	1000
1749109786051521	1000
1749109786051593	1000
1749109786053054	1000
1749109786053845	1000
1749109786054319	1000
1749109786055513	1000
1749109786056592	1000
1749109786056667	1000
1749109786057522	1000
1749109786058047	1000
1749109786058553	1000
1749109786058831	1000
1749109786060603	1000
1749109786061541	1000
1749109786062607	1000
1749109786063567	1000
1749109786063724	1000
1749109786064190	1000
1749109786064341	1000
1749109786064350	1000
1749109786064613	1000
1749109786064856	1000
1749109786065304	1000
1749109786066570	1000
1749109786067010	1000
1749109786067018	1000
1749109786067425	1000
1749109786067640	1000
1749109786067976	1000
1749109786068163	1000
1749109786068238	1000
1749109786068495	1000
1749109786068802	1000
1749109786069056	1000
1749109786069064	1000
1749109786069444	1000
1749109786069659	1000
1749109786069865	1000
1749109786070108	1000
1749109786070374	1000
1749109786070468	1000
1749109786070679	1000
1749109786070904	1000
1749109786071004	1000
1749109786071141	1000
1749109786071149	1000
1749109786071238	1000
1749109786071305	1000
1749109786071378	1000
1749109786071506	1000
1749109786071512	1000
1749109786071573	1000
1749109786071617	1000
1749109786071702	1000
1749109786071761	1000
1749109786072036	1000
1749109786072138	1000
1749109786072251	1000
1749109786072385	1000
1749109786072389	1000
1749109786072466	1000
1749109786072507	1000
1749109786072572	1000
1749109786072654	1000
1749109786072727	1000
1749109786072808	1000
1749109786072898	1000
1749109786072944	1000
1749109786073048	1000
1749109786073100	1000
1749109786073167	1000
1749109786073314	1000
1749109786073321	1000
1749109786073384	1000
1749109786073506	1000
1749109786073514	1000
1749109786073563	1000
1749109786073629	1000
1749109786073705	1000
1749109786073776	1000
1749109786073904	1000
1749109786073913	1000
1749109786073990	1000
1749109786074080	1000
1749109786074195	1000
1749109786074203	1000
1749109786074283	1000
1749109786074347	1000
1749109786074429	1000
1749109786074535	1000
1749109786074540	1000
1749109786074609	1000
1749109786074684	1000
1749109786074760	1000
1749109786074845	1000
1749109786074917	1000
1749109786075052	1000
1749109786075059	1000
1749109786075140	1000
1749109786075192	1000
1749109786075265	1000
1749109786075379	1000
1749109786075386	1000
1749109786075504	1000
1749109786075512	1000
1749109786075644	1000
1749109786075710	1000
1749109786075753	1000
1749109786075910	1000
1749109786075953	1000
1749109786075960	1000
1749109786076196	1000
1749109786076203	1000
1749109786095588	1000
1749109786095646	1000
1749109786095941	1000
1749109786096094	1000
1749109786096101	1000
1749109786096183	1000
1749109786096252	1000
1749109786096530	1000
1749109786096536	1000
1749109786096672	1000
1749109786096762	1000
1749109786097025	1000
1749109786097031	1000
1749109786097204	1000
1749109786097273	1000
1749109786097350	1000
1749109786097418	1000
1749109786097505	1000
1749109786097741	1000
1749109786097868	1000
1749109786097876	1000
1749109786097934	1000
1749109786098015	1000
1749109786098086	1000
1749109786098163	1000
1749109786098242	1000
1749109786098342	1000
1749109786098429	1000
1749109786098514	1000
1749109786098628	1000
1749109786098803	1000
1749109786098811	1000
1749109786099005	1000
1749109786099014	1000
1749109786099120	1000
1749109786099329	1000
1749109786099337	1000
1749109786099487	1000
1749109786099619	1000
1749109786099626	1000
1749109786099742	1000
1749109786099782	1000
1749109786099990	1000
1749109786099999	1000
1749109786100065	1000
1749109786100118	1000
1749109786100199	1000
1749109786100264	1000
1749109786100371	1000
1749109786100443	1000
1749109786100756	1000
1749109786100959	1000
1749109786100966	1000
1749109786101030	1000
1749109786101166	1000
1749109786101391	1000
1749109786101399	1000
1749109786101520	1000
1749109786101782	1000
1749109786101790	1000
1749109786101853	1000
1749109786101931	1000
1749109786101998	1000
1749109786102075	1000
1749109786102153	1000
1749109786102229	1000
1749109786102515	1000
1749109786102603	1000
1749109786102640	1000
1749109786102727	1000
1749109786102783	1000
1749109786102935	1000
1749109786102961	1000
1749109786103137	1000
1749109786103278	1000
1749109786103551	1000
1749109786103559	1000
1749109786103731	1000
1749109786103769	1000
1749109786103913	1000
1749109786103919	1000
1749109786103999	1000
1749109786104227	1000
1749109786104556	1000
1749109786104561	1000
1749109786104605	1000
1749109786104691	1000
1749109786104755	1000
1749109786104984	1000
1749109786105044	1000
1749109786105132	1000
1749109786105541	1000
1749109786105832	1000
1749109786105840	1000
1749109786106050	1000
1749109786106054	1000
1749109786106104	1000
1749109786106362	1000
1749109786106370	1000
1749109786106573	1000
1749109786106581	1000
1749109786106646	1000
1749109786106755	1000
1749109786106812	1000
1749109786106894	1000
1749109786107065	1000
1749109786107073	1000
1749109786107148	1000
1749109786107208	1000
1749109786107363	1000
1749109786107406	1000
1749109786107476	1000
1749109786107872	1000
1749109786107879	1000
1749109786108016	1000
1749109786108080	1000
1749109786108182	1000
1749109786108261	1000
1749109786108344	1000
1749109786108478	1000
1749109786108483	1000
1749109786108548	1000
1749109786145605	1000
1749109786145648	1000
1749109786145788	1000
1749109786145947	1000
1749109786145954	1000
1749109786146343	1000
1749109786146387	1000
1749109786146471	1000
1749109786146567	1000
1749109786146752	1000
1749109786146762	1000
1749109786146877	1000
1749109786146966	1000
1749109786147270	1000
1749109786147627	1000
1749109786147631	1000
1749109786147894	1000
1749109786148051	1000
1749109786148059	1000
1749109786148289	1000
1749109786148298	1000
1749109786148457	1000
1749109786148595	1000
1749109786148603	1000
1749109786148731	1000
1749109786148738	1000
1749109786148819	1000
1749109786148888	1000
1749109786149046	1000
1749109786149152	1000
1749109786149364	1000
1749109786149431	1000
1749109786149623	1000
1749109786149934	1000
1749109786150002	1000
1749109786150072	1000
1749109786150258	1000
1749109786150374	1000
1749109786150632	1000
1749109786150639	1000
1749109786150725	1000
1749109786150789	1000
1749109786151102	1000
1749109786151109	1000
1749109786151395	1000
1749109786151468	1000
1749109786151620	1000
1749109786151678	1000
1749109786151740	1000
1749109786151881	1000
1749109786151944	1000
1749109786152048	1000
1749109786152202	1000
1749109786152211	1000
1749109786152282	1000
1749109786152378	1000
1749109786152541	1000
1749109786152705	1000
1749109786152785	1000
1749109786153158	1000
1749109786153218	1000
1749109786153292	1000
1749109786153342	1000
1749109786153557	1000
1749109786153885	1000
1749109786153893	1000
1749109786153968	1000
1749109786154100	1000
1749109786154199	1000
1749109786154206	1000
1749109786154396	1000
1749109786154453	1000
1749109786154519	1000
1749109786154623	1000
1749109786154866	1000
1749109786154978	1000
1749109786154986	1000
1749109786155053	1000
1749109786155252	1000
1749109786155332	1000
1749109786155417	1000
1749109786155584	1000
1749109786155591	1000
1749109786155714	1000
1749109786155902	1000
1749109786155966	1000
1749109786156051	1000
1749109786156103	1000
1749109786156274	1000
1749109786156523	1000
1749109786156699	1000
1749109786156851	1000
1749109786156917	1000
1749109786156994	1000
1749109786157232	1000
1749109786157574	1000
1749109786157649	1000
1749109786157723	1000
1749109786157923	1000
1749109786158093	1000
1749109786158308	1000
1749109786158395	1000
1749109786158400	1000
1749109786158543	1000
1749109786158781	1000
1749109786159119	1000
1749109786159280	1000
1749109786159359	1000
1749109786159541	1000
1749109786159800	1000
1749109786159807	1000
1749109786159867	1000
1749109786160081	1000
1749109786160234	1000
1749109786160312	1000
1749109786160416	1000
1749109786160641	1000
1749109786160780	1000
1749109786160995	1000
1749109786161198	1000
1749109786161344	1000
1749109786161434	1000
1749109786161501	1000
1749109786161729	1000
1749109786161896	1000
1749109786161952	1000
1749109786162090	1000
1749109786195665	1000
1749109786195706	1000
1749109786196088	1000
1749109786196158	1000
1749109786196478	1000
1749109786196783	1000
1749109786197046	1000
1749109786197320	1000
1749109786197642	1000
1749109786198118	1000
1749109786198199	1000
1749109786198501	1000
1749109786198509	1000
1749109786198578	1000
1749109786198636	1000
1749109786198726	1000
1749109786198923	1000
1749109786199118	1000
1749109786199327	1000
1749109786199624	1000
1749109786199864	1000
1749109786199981	1000
1749109786200216	1000
1749109786200447	1000
1749109786200714	1000
1749109786201212	1000
1749109786201408	1000
1749109786201636	1000
1749109786201926	1000
1749109786202145	1000
1749109786202459	1000
1749109786202462	1000
1749109786202720	1000
1749109786202952	1000
1749109786203185	1000
1749109786203444	1000
1749109786203713	1000
1749109786203970	1000
1749109786204186	1000
1749109786204290	1000
1749109786204512	1000
1749109786204781	1000
1749109786205033	1000
1749109786205158	1000
1749109786205331	1000
1749109786205388	1000
1749109786205475	1000
1749109786205550	1000
1749109786205711	1000
1749109786205720	1000
1749109786205781	1000
1749109786205874	1000
1749109786205937	1000
1749109786206075	1000
1749109786206082	1000
1749109786206222	1000
1749109786206228	1000
1749109786206301	1000
1749109786206362	1000
1749109786206517	1000
1749109786206523	1000
1749109786206600	1000
1749109786206787	1000
1749109786206792	1000
1749109786206863	1000
1749109786206947	1000
1749109786207042	1000
1749109786207147	1000
1749109786207239	1000
1749109786207332	1000
1749109786207826	1000
1749109786207830	1000
1749109786207892	1000
1749109786207984	1000
1749109786208088	1000
1749109786208169	1000
1749109786208271	1000
1749109786208421	1000
1749109786208522	1000
1749109786208676	1000
1749109786208802	1000
1749109786208809	1000
1749109786209029	1000
1749109786209034	1000
1749109786209153	1000
1749109786209213	1000
1749109786209284	1000
1749109786209441	1000
1749109786209504	1000
1749109786209572	1000
1749109786209662	1000
1749109786210166	1000
1749109786210174	1000
1749109786210260	1000
1749109786210350	1000
1749109786210403	1000
1749109786210689	1000
1749109786210695	1000
1749109786210762	1000
1749109786210850	1000
1749109786210966	1000
1749109786211036	1000
1749109786211160	1000
1749109786211226	1000
1749109786211345	1000
1749109786211440	1000
1749109786211541	1000
1749109786211672	1000
1749109786211752	1000
1749109786211805	1000
1749109786212021	1000
1749109786212028	1000
1749109786212096	1000
1749109786212184	1000
1749109786212263	1000
1749109786212622	1000
1749109786212629	1000
1749109786212760	1000
1749109786213072	1000
1749109786213075	1000
1749109786213160	1000
1749109786213216	1000
1749109786213373	1000
1749109786213457	1000
1749109786213833	1000
1749109786213840	1000
1749109786213894	1000
1749109786213999	1000
1749109786214095	1000
1749109786214231	1000
1749109786214304	1000
1749109786214368	1000
1749109786245154	1000
1749109786245222	1000
1749109786245382	1000
1749109786245459	1000
1749109786245567	1000
1749109786245616	1000
1749109786245701	1000
1749109786245779	1000
1749109786245954	1000
1749109786245961	1000
1749109786246006	1000
1749109786246083	1000
1749109786246622	1000
1749109786246763	1000
1749109786246996	1000
1749109786247003	1000
1749109786247044	1000
1749109786247153	1000
1749109786247223	1000
1749109786247335	1000
1749109786247392	1000
1749109786247479	1000
1749109786247548	1000
1749109786247643	1000
1749109786247875	1000
1749109786247978	1000
1749109786248120	1000
1749109786248128	1000
1749109786248184	1000
1749109786248307	1000
1749109786248440	1000
1749109786248559	1000
1749109786248566	1000
1749109786248689	1000
1749109786248995	1000
1749109786249004	1000
1749109786249100	1000
1749109786249279	1000
1749109786249286	1000
1749109786249407	1000
1749109786249411	1000
1749109786249488	1000
1749109786249558	1000
1749109786249694	1000
1749109786249741	1000
1749109786249803	1000
1749109786249923	1000
1749109786250058	1000
1749109786250068	1000
1749109786250161	1000
1749109786250293	1000
1749109786250301	1000
1749109786250368	1000
1749109786250443	1000
1749109786250691	1000
1749109786250861	1000
1749109786250865	1000
1749109786250923	1000
1749109786251061	1000
1749109786251138	1000
1749109786251223	1000
1749109786251299	1000
1749109786251412	1000
1749109786251475	1000
1749109786251524	1000
1749109786251636	1000
1749109786251691	1000
1749109786251773	1000
1749109786251836	1000
1749109786252164	1000
1749109786252170	1000
1749109786252371	1000
1749109786252379	1000
1749109786252442	1000
1749109786252529	1000
1749109786252597	1000
1749109786252724	1000
1749109786252830	1000
1749109786252847	1000
1749109786252981	1000
1749109786252990	1000
1749109786253061	1000
1749109786253131	1000
1749109786253257	1000
1749109786253265	1000
1749109786253332	1000
1749109786253459	1000
1749109786253467	1000
1749109786253538	1000
1749109786253705	1000
1749109786253712	1000
1749109786253881	1000
1749109786253888	1000
1749109786253958	1000
1749109786254046	1000
1749109786254106	1000
1749109786254178	1000
1749109786254263	1000
1749109786254319	1000
1749109786254417	1000
1749109786254542	1000
1749109786254560	1000
1749109786254611	1000
1749109786254708	1000
1749109786254756	1000
1749109786254837	1000
1749109786254942	1000
1749109786255013	1000
1749109786255080	1000
1749109786255162	1000
1749109786255244	1000
1749109786255316	1000
1749109786255398	1000
1749109786255474	1000
1749109786255583	1000
1749109786255621	1000
1749109786255723	1000
1749109786295570	1000
1749109786295624	1000
1749109786295863	1000
1749109786295871	1000
1749109786296013	1000
1749109786296022	1000
1749109786296096	1000
1749109786296220	1000
1749109786296449	1000
1749109786296458	1000
1749109786296610	1000
1749109786296658	1000
1749109786296798	1000
1749109786296950	1000
1749109786297213	1000
1749109786297222	1000
1749109786297322	1000
1749109786297514	1000
1749109786297596	1000
1749109786297661	1000
1749109786297733	1000
1749109786297945	1000
1749109786298176	1000
1749109786298403	1000
1749109786298452	1000
1749109786298550	1000
1749109786298743	1000
1749109786298992	1000
1749109786299358	1000
1749109786299361	1000
1749109786299420	1000
1749109786299729	1000
1749109786299790	1000
1749109786299918	1000
1749109786300037	1000
1749109786300172	1000
1749109786300376	1000
1749109786300494	1000
1749109786300572	1000
1749109786300775	1000
1749109786300955	1000
1749109786301100	1000
1749109786301158	1000
1749109786301343	1000
1749109786301667	1000
1749109786301745	1000
1749109786301829	1000
1749109786302029	1000
1749109786302116	1000
1749109786302220	1000
1749109786302561	1000
1749109786302568	1000
1749109786302626	1000
1749109786302711	1000
1749109786302861	1000
1749109786302955	1000
1749109786303269	1000
1749109786303329	1000
1749109786303337	1000
1749109786303409	1000
1749109786303465	1000
1749109786303623	1000
1749109786303889	1000
1749109786304278	1000
1749109786304637	1000
1749109786304688	1000
1749109786304862	1000
1749109786305080	1000
1749109786305224	1000
1749109786305298	1000
1749109786305378	1000
1749109786305556	1000
1749109786305744	1000
1749109786305959	1000
1749109786305963	1000
1749109786306109	1000
1749109786306315	1000
1749109786306399	1000
1749109786306513	1000
1749109786306682	1000
1749109786306869	1000
1749109786306967	1000
1749109786307063	1000
1749109786307229	1000
1749109786307412	1000
1749109786307529	1000
1749109786307607	1000
1749109786307847	1000
1749109786307974	1000
1749109786308085	1000
1749109786308162	1000
1749109786308485	1000
1749109786308542	1000
1749109786308709	1000
1749109786308934	1000
1749109786309131	1000
1749109786309189	1000
1749109786309260	1000
1749109786309437	1000
1749109786309649	1000
1749109786309792	1000
1749109786309958	1000
1749109786310026	1000
1749109786310195	1000
1749109786310386	1000
1749109786310476	1000
1749109786310561	1000
1749109786310824	1000
1749109786311221	1000
1749109786311231	1000
1749109786311291	1000
1749109786311449	1000
1749109786311498	1000
1749109786311571	1000
1749109786311626	1000
1749109786311767	1000
1749109786312006	1000
1749109786312010	1000
1749109786312069	1000
1749109786312152	1000
1749109786312281	1000
1749109786312504	1000
1749109786312526	1000
1749109786312592	1000
1749109786312672	1000
1749109786312747	1000
1749109786312861	1000
1749109786312919	1000
1749109786313031	1000
1749109786313373	1000
1749109786313379	1000
1749109786346059	1000
1749109786346098	1000
1749109786346399	1000
1749109786346643	1000
1749109786346965	1000
1749109786347138	1000
1749109786347317	1000
1749109786347324	1000
1749109786347470	1000
1749109786347554	1000
1749109786347631	1000
1749109786347681	1000
1749109786347815	1000
1749109786347822	1000
1749109786347900	1000
1749109786348016	1000
1749109786348024	1000
1749109786348065	1000
1749109786348186	1000
1749109786348200	1000
