1749109785946334	1000
1749109785946451	1000
1749109785946754	1000
1749109785947004	1000
1749109785947251	1000
1749109785947557	1000
1749109785947886	1000
1749109785948156	1000
1749109785948455	1000
1749109785948764	1000
1749109785949066	1000
1749109785949122	1000
1749109785949454	1000
1749109785949773	1000
1749109785950098	1000
1749109785950309	1000
1749109785950572	1000
1749109785950777	1000
1749109785951073	1000
1749109785951187	1000
1749109785951331	1000
1749109785951776	1000
1749109785952113	1000
1749109785952120	1000
1749109785952287	1000
1749109785952451	1000
1749109785952702	1000
1749109785952858	1000
1749109785953156	1000
1749109785953443	1000
1749109785953756	1000
1749109785954049	1000
1749109785954134	1000
1749109785954379	1000
1749109785954726	1000
1749109785955106	1000
1749109785955319	1000
1749109785955572	1000
1749109785955638	1000
1749109785955993	1000
1749109785956203	1000
1749109785956391	1000
1749109785956529	1000
1749109785956743	1000
1749109785957045	1000
1749109785957315	1000
1749109785957585	1000
1749109785957838	1000
1749109785957874	1000
1749109785958116	1000
1749109785958232	1000
1749109785958326	1000
1749109785958741	1000
1749109785958920	1000
1749109785959276	1000
1749109785959283	1000
1749109785959400	1000
1749109785959444	1000
1749109785959542	1000
1749109785959592	1000
1749109785959716	1000
1749109785959804	1000
1749109785959994	1000
1749109785960210	1000
1749109785960217	1000
1749109785960321	1000
1749109785960353	1000
1749109785960477	1000
1749109785960485	1000
1749109785960630	1000
1749109785960783	1000
1749109785960791	1000
1749109785960874	1000
1749109785961051	1000
1749109785961059	1000
1749109785961151	1000
1749109785961210	1000
1749109785961354	1000
1749109785961465	1000
1749109785961513	1000
1749109785961624	1000
1749109785961806	1000
1749109785961814	1000
1749109785961817	1000
1749109785961953	1000
1749109785962046	1000
1749109785962102	1000
1749109785962253	1000
1749109785962262	1000
1749109785962349	1000
1749109785962460	1000
1749109785962538	1000
1749109785962706	1000
1749109785962714	1000
1749109785962806	1000
1749109785962940	1000
1749109785962947	1000
1749109785963017	1000
1749109785963097	1000
1749109785963203	1000
1749109785963337	1000
1749109785963347	1000
1749109785963546	1000
1749109785963555	1000
1749109785963560	1000
1749109785963676	1000
1749109785963766	1000
1749109785963775	1000
1749109785963934	1000
1749109785963941	1000
1749109785964057	1000
1749109785964127	1000
1749109785964189	1000
1749109785964302	1000
1749109785964311	1000
1749109785964444	1000
1749109785964453	1000
1749109785998134	1000
1749109786000286	1000
1749109786002156	1000
1749109786003130	1000
1749109786003910	1000
1749109786004358	1000
1749109786005389	1000
1749109786005550	1000
1749109786005847	1000
1749109786006270	1000
1749109786006279	1000
1749109786006510	1000
1749109786006573	1000
1749109786007547	1000
1749109786007783	1000
1749109786008412	1000
1749109786009461	1000
1749109786009913	1000
1749109786010406	1000
1749109786011696	1000
1749109786013596	1000
1749109786013896	1000
1749109786013968	1000
1749109786014125	1000
1749109786015375	1000
1749109786015844	1000
1749109786016082	1000
1749109786016357	1000
1749109786016782	1000
1749109786017158	1000
1749109786017360	1000
1749109786017653	1000
1749109786017935	1000
1749109786017975	1000
1749109786018197	1000
1749109786018519	1000
1749109786018529	1000
1749109786018613	1000
1749109786018698	1000
1749109786018764	1000
1749109786018850	1000
1749109786018900	1000
1749109786019042	1000
1749109786019052	1000
1749109786019189	1000
1749109786019198	1000
1749109786019243	1000
1749109786019360	1000
1749109786019432	1000
1749109786019487	1000
1749109786019544	1000
1749109786019710	1000
1749109786019718	1000
1749109786019840	1000
1749109786019848	1000
1749109786019987	1000
1749109786019994	1000
1749109786020040	1000
1749109786020197	1000
1749109786020206	1000
1749109786020240	1000
1749109786020392	1000
1749109786020401	1000
1749109786020467	1000
1749109786020587	1000
1749109786020654	1000
1749109786020773	1000
1749109786020780	1000
1749109786020879	1000
1749109786020951	1000
1749109786021012	1000
1749109786021066	1000
1749109786021146	1000
1749109786021203	1000
1749109786021221	1000
1749109786021306	1000
1749109786021409	1000
1749109786021419	1000
1749109786021507	1000
1749109786021699	1000
1749109786021706	1000
1749109786021722	1000
1749109786021753	1000
1749109786021942	1000
1749109786021951	1000
1749109786021968	1000
1749109786022051	1000
1749109786022179	1000
1749109786022186	1000
1749109786022234	1000
1749109786022360	1000
1749109786022386	1000
1749109786022631	1000
1749109786022781	1000
1749109786022788	1000
1749109786022847	1000
1749109786022942	1000
1749109786022999	1000
1749109786023230	1000
1749109786023240	1000
1749109786023275	1000
1749109786023323	1000
1749109786023398	1000
1749109786023527	1000
1749109786023535	1000
1749109786023632	1000
1749109786023876	1000
1749109786023884	1000
1749109786023888	1000
1749109786023931	1000
1749109786024002	1000
1749109786024203	1000
1749109786024211	1000
1749109786024267	1000
1749109786024393	1000
1749109786024400	1000
1749109786024444	1000
1749109786024533	1000
1749109786024559	1000
1749109786024639	1000
1749109786024701	1000
1749109786024808	1000
1749109786024934	1000
1749109786024986	1000
1749109786025035	1000
1749109786025252	1000
1749109786025339	1000
1749109786025380	1000
1749109786025546	1000
1749109786025554	1000
1749109786025667	1000
1749109786046480	1000
1749109786046586	1000
1749109786046705	1000
1749109786046876	1000
1749109786047174	1000
1749109786047448	1000
1749109786047782	1000
1749109786048044	1000
1749109786048317	1000
1749109786048616	1000
1749109786048887	1000
1749109786049061	1000
1749109786049356	1000
1749109786049601	1000
1749109786049908	1000
1749109786050181	1000
1749109786050519	1000
1749109786050751	1000
1749109786051022	1000
1749109786051163	1000
1749109786051254	1000
1749109786051757	1000
1749109786052323	1000
1749109786052643	1000
1749109786052747	1000
1749109786053025	1000
1749109786053154	1000
1749109786053451	1000
1749109786053690	1000
1749109786053826	1000
1749109786053940	1000
1749109786054162	1000
1749109786054332	1000
1749109786054466	1000
1749109786054732	1000
1749109786055031	1000
1749109786055314	1000
1749109786055620	1000
1749109786055915	1000
1749109786056140	1000
1749109786056504	1000
1749109786056603	1000
1749109786056668	1000
1749109786057042	1000
1749109786057087	1000
1749109786057328	1000
1749109786057763	1000
1749109786058262	1000
1749109786058330	1000
1749109786058616	1000
1749109786058812	1000
1749109786058897	1000
1749109786059194	1000
1749109786059512	1000
1749109786059771	1000
1749109786060143	1000
1749109786060402	1000
1749109786060704	1000
1749109786061005	1000
1749109786061119	1000
1749109786061414	1000
1749109786061604	1000
1749109786061892	1000
1749109786062108	1000
1749109786062430	1000
1749109786062579	1000
1749109786062797	1000
1749109786063114	1000
1749109786063395	1000
1749109786063528	1000
1749109786063653	1000
1749109786063753	1000
1749109786063949	1000
1749109786064014	1000
1749109786064290	1000
1749109786064299	1000
1749109786064614	1000
1749109786064868	1000
1749109786065148	1000
1749109786065156	1000
1749109786065361	1000
1749109786065623	1000
1749109786065828	1000
1749109786065928	1000
1749109786066147	1000
1749109786066336	1000
1749109786066619	1000
1749109786066833	1000
1749109786066958	1000
1749109786067295	1000
1749109786067492	1000
1749109786067599	1000
1749109786067607	1000
1749109786067759	1000
1749109786067766	1000
1749109786067935	1000
1749109786067944	1000
1749109786068125	1000
1749109786068134	1000
1749109786068230	1000
1749109786068456	1000
1749109786068464	1000
1749109786068610	1000
1749109786068656	1000
1749109786068747	1000
1749109786068808	1000
1749109786068946	1000
1749109786068956	1000
1749109786069267	1000
1749109786069273	1000
1749109786069276	1000
1749109786069418	1000
1749109786069427	1000
1749109786069554	1000
1749109786069560	1000
1749109786069708	1000
1749109786069764	1000
1749109786069882	1000
1749109786069920	1000
1749109786070059	1000
1749109786070065	1000
1749109786070225	1000
1749109786070283	1000
1749109786070353	1000
1749109786070482	1000
1749109786070634	1000
1749109786070642	1000
1749109786070736	1000
1749109786070858	1000
1749109786070867	1000
1749109786071014	1000
1749109786071023	1000
1749109786071192	1000
1749109786095982	1000
1749109786096138	1000
1749109786096379	1000
1749109786096592	1000
1749109786096707	1000
1749109786096897	1000
1749109786097123	1000
1749109786097135	1000
1749109786097386	1000
1749109786097598	1000
1749109786097825	1000
1749109786097914	1000
1749109786098221	1000
1749109786098448	1000
1749109786098674	1000
1749109786098820	1000
1749109786098973	1000
1749109786099102	1000
1749109786099342	1000
1749109786099372	1000
1749109786099441	1000
1749109786099659	1000
1749109786099845	1000
1749109786100017	1000
1749109786100275	1000
1749109786100461	1000
1749109786101020	1000
1749109786101284	1000
1749109786101476	1000
1749109786101561	1000
1749109786101694	1000
1749109786101811	1000
1749109786101820	1000
1749109786102127	1000
1749109786102349	1000
1749109786102514	1000
1749109786102684	1000
1749109786102817	1000
1749109786103051	1000
1749109786103060	1000
1749109786103236	1000
1749109786103434	1000
1749109786103588	1000
1749109786103762	1000
1749109786103879	1000
1749109786104051	1000
1749109786104139	1000
1749109786104334	1000
1749109786104474	1000
1749109786104574	1000
1749109786104878	1000
1749109786104998	1000
1749109786105160	1000
1749109786105304	1000
1749109786105450	1000
1749109786105553	1000
1749109786105751	1000
1749109786106104	1000
1749109786106389	1000
1749109786106393	1000
1749109786106539	1000
1749109786106675	1000
1749109786106906	1000
1749109786107097	1000
1749109786107414	1000
1749109786107661	1000
1749109786107759	1000
1749109786107901	1000
1749109786108046	1000
1749109786108233	1000
1749109786108445	1000
1749109786108660	1000
1749109786108841	1000
1749109786108853	1000
1749109786109004	1000
1749109786109011	1000
1749109786109132	1000
1749109786109139	1000
1749109786109228	1000
1749109786109334	1000
1749109786109433	1000
1749109786109515	1000
1749109786109552	1000
1749109786109698	1000
1749109786109768	1000
1749109786109826	1000
1749109786109906	1000
1749109786109970	1000
1749109786110042	1000
1749109786110146	1000
1749109786110170	1000
1749109786110321	1000
1749109786110328	1000
1749109786110419	1000
1749109786110826	1000
1749109786110897	1000
1749109786111137	1000
1749109786111187	1000
1749109786111328	1000
1749109786111406	1000
1749109786111500	1000
1749109786111629	1000
1749109786111732	1000
1749109786111741	1000
1749109786111973	1000
1749109786111982	1000
1749109786111987	1000
1749109786112120	1000
1749109786112280	1000
1749109786112288	1000
1749109786112473	1000
1749109786112481	1000
1749109786112605	1000
1749109786112612	1000
1749109786112767	1000
1749109786112773	1000
1749109786112863	1000
1749109786112996	1000
1749109786113040	1000
1749109786113192	1000
1749109786113284	1000
1749109786113338	1000
1749109786113454	1000
1749109786113565	1000
1749109786113774	1000
1749109786114140	1000
1749109786114147	1000
1749109786114225	1000
1749109786146111	1000
1749109786146123	1000
1749109786146289	1000
1749109786146299	1000
1749109786146527	1000
1749109786146692	1000
1749109786146803	1000
1749109786146870	1000
1749109786147033	1000
1749109786147100	1000
1749109786147252	1000
1749109786147318	1000
1749109786147375	1000
1749109786147591	1000
1749109786147600	1000
1749109786147771	1000
1749109786147948	1000
1749109786147957	1000
1749109786148054	1000
1749109786148339	1000
1749109786148484	1000
1749109786148649	1000
1749109786149066	1000
1749109786149079	1000
1749109786149325	1000
1749109786149383	1000
1749109786149470	1000
1749109786149549	1000
1749109786149602	1000
1749109786150071	1000
1749109786150158	1000
1749109786150223	1000
1749109786150475	1000
1749109786150483	1000
1749109786150664	1000
1749109786151017	1000
1749109786151129	1000
1749109786151191	1000
1749109786151312	1000
1749109786151321	1000
1749109786151937	1000
1749109786151945	1000
1749109786152161	1000
1749109786152576	1000
1749109786152585	1000
1749109786152737	1000
1749109786152986	1000
1749109786153258	1000
1749109786153569	1000
1749109786153717	1000
1749109786153823	1000
1749109786154364	1000
1749109786154374	1000
1749109786154380	1000
1749109786154503	1000
1749109786154825	1000
1749109786154980	1000
1749109786155307	1000
1749109786155570	1000
1749109786155632	1000
1749109786155778	1000
1749109786156272	1000
1749109786156282	1000
1749109786156360	1000
1749109786156588	1000
1749109786156596	1000
1749109786156713	1000
1749109786156888	1000
1749109786157199	1000
1749109786157343	1000
1749109786157403	1000
1749109786157608	1000
1749109786157899	1000
1749109786158180	1000
1749109786158486	1000
1749109786158780	1000
1749109786158941	1000
1749109786159013	1000
1749109786159253	1000
1749109786159577	1000
1749109786159773	1000
1749109786160069	1000
1749109786160294	1000
1749109786160661	1000
1749109786160848	1000
1749109786161151	1000
1749109786161391	1000
1749109786161758	1000
1749109786161955	1000
1749109786162497	1000
1749109786162672	1000
1749109786162873	1000
1749109786163044	1000
1749109786163173	1000
1749109786163295	1000
1749109786163469	1000
1749109786163741	1000
1749109786163780	1000
1749109786163988	1000
1749109786164100	1000
1749109786164280	1000
1749109786164420	1000
1749109786164655	1000
1749109786164741	1000
1749109786164985	1000
1749109786165121	1000
1749109786165308	1000
1749109786165379	1000
1749109786165437	1000
1749109786165515	1000
1749109786165672	1000
1749109786165677	1000
1749109786165766	1000
1749109786165924	1000
1749109786166072	1000
1749109786166081	1000
1749109786166188	1000
1749109786167867	1000
1749109786169192	1000
1749109786196090	1000
1749109786196107	1000
1749109786196159	1000
1749109786196291	1000
1749109786196469	1000
1749109786196565	1000
1749109786196625	1000
1749109786196759	1000
1749109786196851	1000
1749109786197001	1000
1749109786197067	1000
1749109786197146	1000
1749109786197201	1000
1749109786197344	1000
1749109786197419	1000
1749109786197519	1000
1749109786197617	1000
1749109786197687	1000
1749109786197789	1000
1749109786197798	1000
1749109786197970	1000
1749109786197979	1000
1749109786198161	1000
1749109786198246	1000
1749109786198344	1000
1749109786198934	1000
1749109786198943	1000
1749109786199029	1000
1749109786199115	1000
1749109786199277	1000
1749109786199379	1000
1749109786199433	1000
1749109786199514	1000
1749109786199580	1000
1749109786199705	1000
1749109786199734	1000
1749109786199892	1000
1749109786199985	1000
1749109786200118	1000
1749109786200222	1000
1749109786200307	1000
1749109786200376	1000
1749109786200473	1000
1749109786200557	1000
1749109786200602	1000
1749109786200732	1000
1749109786200808	1000
1749109786200953	1000
1749109786201249	1000
1749109786201256	1000
1749109786201363	1000
1749109786201369	1000
1749109786201544	1000
1749109786201554	1000
1749109786201599	1000
1749109786201742	1000
1749109786201826	1000
1749109786201882	1000
1749109786201988	1000
1749109786202097	1000
1749109786202103	1000
1749109786202258	1000
1749109786202326	1000
1749109786202359	1000
1749109786202570	1000
1749109786202579	1000
1749109786202644	1000
1749109786202753	1000
1749109786202825	1000
1749109786202902	1000
1749109786202986	1000
1749109786203066	1000
1749109786203180	1000
1749109786203321	1000
1749109786203328	1000
1749109786203433	1000
1749109786203581	1000
1749109786203671	1000
1749109786203677	1000
1749109786203801	1000
1749109786203922	1000
1749109786203931	1000
1749109786204112	1000
1749109786204121	1000
1749109786204191	1000
1749109786204444	1000
1749109786204531	1000
1749109786204592	1000
1749109786204703	1000
1749109786204723	1000
1749109786204888	1000
1749109786205062	1000
1749109786205184	1000
1749109786205341	1000
1749109786246428	1000
1749109786246480	1000
1749109786246553	1000
1749109786246677	1000
1749109786246921	1000
1749109786247330	1000
1749109786247934	1000
1749109786248610	1000
1749109786249045	1000
1749109786250555	1000
1749109786250771	1000
1749109786250907	1000
1749109786251181	1000
1749109786251449	1000
1749109786251692	1000
1749109786251946	1000
1749109786252221	1000
1749109786252229	1000
1749109786252419	1000
1749109786252671	1000
1749109786252895	1000
1749109786253127	1000
1749109786253307	1000
1749109786253572	1000
1749109786253820	1000
1749109786254018	1000
1749109786254321	1000
1749109786254454	1000
1749109786254651	1000
1749109786254876	1000
1749109786255145	1000
1749109786255408	1000
1749109786255591	1000
1749109786255812	1000
1749109786255883	1000
1749109786255998	1000
1749109786256092	1000
1749109786256101	1000
1749109786256172	1000
1749109786256333	1000
1749109786256342	1000
1749109786256418	1000
1749109786256509	1000
1749109786256594	1000
1749109786256732	1000
1749109786256740	1000
1749109786256871	1000
1749109786256928	1000
1749109786256984	1000
1749109786257127	1000
1749109786257137	1000
1749109786257223	1000
1749109786257380	1000
1749109786257389	1000
1749109786257394	1000
1749109786257598	1000
1749109786257607	1000
1749109786257611	1000
1749109786257654	1000
1749109786257713	1000
1749109786257825	1000
1749109786257939	1000
1749109786257946	1000
1749109786258084	1000
1749109786258091	1000
1749109786258240	1000
1749109786258250	1000
1749109786258393	1000
1749109786258403	1000
1749109786258502	1000
1749109786258632	1000
1749109786258640	1000
1749109786258684	1000
1749109786258753	1000
1749109786258953	1000
1749109786258961	1000
1749109786258999	1000
1749109786259162	1000
1749109786259184	1000
1749109786259329	1000
1749109786259397	1000
1749109786259465	1000
1749109786259519	1000
1749109786259626	1000
1749109786259651	1000
1749109786259783	1000
1749109786259868	1000
1749109786259959	1000
1749109786260025	1000
1749109786260110	1000
1749109786260179	1000
1749109786260292	1000
1749109786260307	1000
1749109786260411	1000
1749109786260482	1000
1749109786260600	1000
1749109786260686	1000
1749109786260698	1000
1749109786260766	1000
1749109786260882	1000
1749109786260947	1000
1749109786261047	1000
1749109786261136	1000
1749109786261210	1000
1749109786261273	1000
1749109786261350	1000
1749109786261442	1000
1749109786261479	1000
1749109786261586	1000
1749109786261645	1000
1749109786261734	1000
1749109786261870	1000
1749109786261878	1000
1749109786262004	1000
1749109786262051	1000
1749109786262171	1000
1749109786262211	1000
1749109786262289	1000
1749109786262428	1000
1749109786262435	1000
1749109786262493	1000
1749109786262643	1000
1749109786262652	1000
1749109786262738	1000
1749109786262804	1000
1749109786262948	1000
1749109786263001	1000
1749109786263102	1000
1749109786263128	1000
1749109786263247	1000
1749109786263329	1000
1749109786263466	1000
1749109786263483	1000
1749109786263566	1000
1749109786263685	1000
1749109786263769	1000
1749109786263899	1000
1749109786263907	1000
1749109786263998	1000
1749109786264093	1000
1749109786264100	1000
1749109786264176	1000
1749109786264248	1000
1749109786264304	1000
1749109786264426	1000
1749109786264494	1000
1749109786264543	1000
1749109786264672	1000
1749109786264680	1000
1749109786264704	1000
1749109786264771	1000
1749109786264806	1000
1749109786264909	1000
1749109786265040	1000
1749109786265049	1000
1749109786265223	1000
1749109786265231	1000
1749109786296078	1000
1749109786296091	1000
1749109786296418	1000
1749109786296426	1000
1749109786296624	1000
1749109786296631	1000
1749109786296751	1000
1749109786296860	1000
1749109786297082	1000
1749109786297137	1000
1749109786297272	1000
1749109786297438	1000
1749109786297954	1000
1749109786298057	1000
1749109786298154	1000
1749109786298373	1000
1749109786298382	1000
1749109786298545	1000
1749109786298711	1000
1749109786298840	1000
1749109786298957	1000
1749109786299173	1000
1749109786299623	1000
1749109786299711	1000
1749109786299797	1000
1749109786299949	1000
1749109786300126	1000
1749109786300266	1000
1749109786300339	1000
1749109786300588	1000
1749109786300798	1000
1749109786300811	1000
1749109786300969	1000
1749109786301137	1000
1749109786301353	1000
1749109786301523	1000
1749109786301605	1000
1749109786301794	1000
1749109786302028	1000
1749109786302073	1000
1749109786302225	1000
1749109786302386	1000
1749109786302391	1000
1749109786302571	1000
1749109786302583	1000
1749109786302587	1000
1749109786302889	1000
1749109786302894	1000
1749109786303140	1000
1749109786303445	1000
1749109786303599	1000
1749109786303736	1000
1749109786303755	1000
1749109786303836	1000
1749109786303904	1000
1749109786303991	1000
1749109786304610	1000
1749109786304872	1000
1749109786304915	1000
1749109786305081	1000
1749109786305090	1000
1749109786305138	1000
1749109786305402	1000
1749109786305541	1000
1749109786305673	1000
1749109786305765	1000
1749109786305936	1000
1749109786306074	1000
1749109786306210	1000
1749109786306276	1000
1749109786306507	1000
1749109786306681	1000
1749109786306790	1000
1749109786306867	1000
1749109786307014	1000
1749109786307252	1000
1749109786307320	1000
1749109786307378	1000
1749109786307568	1000
1749109786307751	1000
1749109786307880	1000
1749109786307943	1000
1749109786308121	1000
1749109786308362	1000
1749109786308497	1000
1749109786308500	1000
1749109786308723	1000
1749109786308888	1000
1749109786309091	1000
1749109786309153	1000
1749109786309245	1000
1749109786309461	1000
1749109786309614	1000
1749109786309617	1000
1749109786309767	1000
1749109786309989	1000
1749109786310213	1000
1749109786310296	1000
1749109786310405	1000
1749109786310582	1000
1749109786310784	1000
1749109786310861	1000
1749109786311020	1000
1749109786311218	1000
1749109786311226	1000
1749109786311600	1000
1749109786346427	1000
1749109786346451	1000
1749109786346548	1000
1749109786346558	1000
1749109786346645	1000
1749109786346757	1000
1749109786346782	1000
1749109786346933	1000
1749109786346940	1000
1749109786347070	1000
1749109786347078	1000
1749109786347181	1000
1749109786347370	1000
1749109786347470	1000
1749109786347680	1000
