1.749109785945631e+15 1749109785945611 1000
1.749109785945896e+15 1749109785945611 1000
1.749109785946385e+15 1749109785945611 1000
1.749109785946702e+15 1749109785945611 1000
1.749109785946894e+15 1749109785945611 1000
1.749109785947186e+15 1749109785945611 1000
1.749109785947502e+15 1749109785945611 1000
1.74910978594783e+15 1749109785945611 1000
1.749109785948066e+15 1749109785945611 1000
1.749109785948326e+15 1749109785945611 1000
1.749109785948665e+15 1749109785945611 1000
1.749109785949014e+15 1749109785945611 1000
1.749109785949169e+15 1749109785945611 1000
1.749109785949406e+15 1749109785945611 1000
1.749109785949686e+15 1749109785945611 1000
1.74910978594994e+15 1749109785945611 1000
1.749109785950194e+15 1749109785945611 1000
1.749109785950419e+15 1749109785945611 1000
1.749109785950722e+15 1749109785945611 1000
1.749109785951009e+15 1749109785945611 1000
1.749109785951435e+15 1749109785945611 1000
1.749109785951445e+15 1749109785945611 1000
1.749109785951659e+15 1749109785945611 1000
1.749109785951951e+15 1749109785945611 1000
1.749109785952175e+15 1749109785945611 1000
1.749109785952179e+15 1749109785945611 1000
1.749109785952399e+15 1749109785945611 1000
1.749109785952644e+15 1749109785945611 1000
1.749109785952733e+15 1749109785945611 1000
1.749109785953096e+15 1749109785945611 1000
1.749109785953383e+15 1749109785945611 1000
1.749109785953656e+15 1749109785945611 1000
1.749109785953873e+15 1749109785945611 1000
1.749109785954033e+15 1749109785945611 1000
1.749109785954289e+15 1749109785945611 1000
1.749109785954601e+15 1749109785945611 1000
1.749109785954946e+15 1749109785945611 1000
1.749109785955207e+15 1749109785945611 1000
1.749109785955827e+15 1749109785945611 1000
1.749109785955838e+15 1749109785945611 1000
1.749109785955948e+15 1749109785945611 1000
1.749109785956101e+15 1749109785945611 1000
1.749109785956298e+15 1749109785945611 1000
1.749109785956449e+15 1749109785945611 1000
1.749109785956664e+15 1749109785945611 1000
1.749109785956922e+15 1749109785945611 1000
1.749109785957194e+15 1749109785945611 1000
1.749109785957476e+15 1749109785945611 1000
1.749109785957727e+15 1749109785945611 1000
1.749109785957795e+15 1749109785945611 1000
1.74910978595807e+15 1749109785945611 1000
1.749109785958403e+15 1749109785945611 1000
1.749109785958409e+15 1749109785945611 1000
1.749109785958614e+15 1749109785945611 1000
1.749109785958884e+15 1749109785945611 1000
1.749109785959183e+15 1749109785945611 1000
1.749109785959332e+15 1749109785945611 1000
1.749109785959336e+15 1749109785945611 1000
1.749109785959376e+15 1749109785945611 1000
1.749109785959473e+15 1749109785945611 1000
1.749109785959527e+15 1749109785945611 1000
1.749109785959756e+15 1749109785945611 1000
1.749109785959998e+15 1749109785945611 1000
1.749109785960011e+15 1749109785945611 1000
1.749109785960091e+15 1749109785945611 1000
1.74910978596023e+15 1749109785945611 1000
1.749109785960241e+15 1749109785945611 1000
1.749109785960333e+15 1749109785945611 1000
1.749109785960387e+15 1749109785945611 1000
1.749109785960458e+15 1749109785945611 1000
1.749109785960529e+15 1749109785945611 1000
1.749109785960713e+15 1749109785945611 1000
1.749109785960731e+15 1749109785945611 1000
1.749109785960911e+15 1749109785945611 1000
1.74910978596098e+15 1749109785945611 1000
1.749109785960991e+15 1749109785945611 1000
1.749109785961119e+15 1749109785945611 1000
1.749109785961299e+15 1749109785945611 1000
1.749109785961311e+15 1749109785945611 1000
1.749109785961391e+15 1749109785945611 1000
1.749109785961445e+15 1749109785945611 1000
1.749109785961548e+15 1749109785945611 1000
1.749109785961694e+15 1749109785945611 1000
1.749109785961798e+15 1749109785945611 1000
1.749109785961808e+15 1749109785945611 1000
1.74910978596186e+15 1749109785945611 1000
1.749109785961987e+15 1749109785945611 1000
1.749109785962046e+15 1749109785945611 1000
1.749109785962138e+15 1749109785945611 1000
1.749109785962236e+15 1749109785945611 1000
1.749109785962302e+15 1749109785945611 1000
1.749109785962424e+15 1749109785945611 1000
1.749109785962589e+15 1749109785945611 1000
1.749109785962602e+15 1749109785945611 1000
1.749109785962662e+15 1749109785945611 1000
1.749109785962746e+15 1749109785945611 1000
1.74910978596282e+15 1749109785945611 1000
1.749109785962908e+15 1749109785945611 1000
1.749109785962978e+15 1749109785945611 1000
1.749109785963045e+15 1749109785945611 1000
1.749109785963124e+15 1749109785945611 1000
1.74910978596321e+15 1749109785945611 1000
1.749109785963288e+15 1749109785945611 1000
1.749109785963415e+15 1749109785945611 1000
1.749109785963424e+15 1749109785945611 1000
1.749109785963492e+15 1749109785945611 1000
1.749109785963562e+15 1749109785945611 1000
1.749109785963708e+15 1749109785945611 1000
1.749109785963729e+15 1749109785945611 1000
1.749109785963801e+15 1749109785945611 1000
1.749109785963897e+15 1749109785945611 1000
1.74910978596395e+15 1749109785945611 1000
1.749109785964037e+15 1749109785945611 1000
1.749109785964194e+15 1749109785945611 1000
1.749109785964207e+15 1749109785945611 1000
1.749109785964326e+15 1749109785945611 1000
1.749109785964565e+15 1749109785945611 1000
1.749109785996043e+15 1749109785996041 1000
1.749109785997997e+15 1749109785996041 1000
1.749109786000181e+15 1749109785996041 1000
1.749109786002035e+15 1749109785996041 1000
1.749109786003066e+15 1749109785996041 1000
1.749109786003804e+15 1749109785996041 1000
1.749109786004303e+15 1749109785996041 1000
1.749109786005334e+15 1749109785996041 1000
1.749109786005522e+15 1749109785996041 1000
1.749109786005917e+15 1749109785996041 1000
1.749109786005928e+15 1749109785996041 1000
1.749109786006157e+15 1749109785996041 1000
1.749109786006517e+15 1749109785996041 1000
1.749109786006589e+15 1749109785996041 1000
1.749109786007488e+15 1749109785996041 1000
1.749109786007703e+15 1749109785996041 1000
1.749109786008362e+15 1749109785996041 1000
1.749109786009415e+15 1749109785996041 1000
1.74910978600987e+15 1749109785996041 1000
1.749109786010356e+15 1749109785996041 1000
1.749109786011649e+15 1749109785996041 1000
1.74910978601353e+15 1749109785996041 1000
1.749109786013779e+15 1749109785996041 1000
1.74910978601386e+15 1749109785996041 1000
1.749109786013937e+15 1749109785996041 1000
1.74910978601521e+15 1749109785996041 1000
1.749109786015704e+15 1749109785996041 1000
1.749109786016013e+15 1749109785996041 1000
1.749109786016295e+15 1749109785996041 1000
1.749109786016638e+15 1749109785996041 1000
1.749109786017045e+15 1749109785996041 1000
1.749109786017383e+15 1749109785996041 1000
1.749109786017583e+15 1749109785996041 1000
1.74910978601778e+15 1749109785996041 1000
1.749109786017957e+15 1749109785996041 1000
1.749109786018215e+15 1749109785996041 1000
1.749109786018411e+15 1749109785996041 1000
1.749109786018557e+15 1749109785996041 1000
1.749109786018566e+15 1749109785996041 1000
1.749109786018708e+15 1749109785996041 1000
1.749109786018718e+15 1749109785996041 1000
1.749109786018771e+15 1749109785996041 1000
1.749109786018859e+15 1749109785996041 1000
1.749109786018918e+15 1749109785996041 1000
1.749109786018996e+15 1749109785996041 1000
1.749109786019057e+15 1749109785996041 1000
1.749109786019196e+15 1749109785996041 1000
1.749109786019211e+15 1749109785996041 1000
1.749109786019383e+15 1749109785996041 1000
1.749109786019391e+15 1749109785996041 1000
1.749109786019446e+15 1749109785996041 1000
1.749109786019501e+15 1749109785996041 1000
1.749109786019591e+15 1749109785996041 1000
1.749109786019654e+15 1749109785996041 1000
1.749109786019719e+15 1749109785996041 1000
1.749109786019816e+15 1749109785996041 1000
1.749109786019853e+15 1749109785996041 1000
1.749109786019906e+15 1749109785996041 1000
1.749109786019973e+15 1749109785996041 1000
1.74910978602006e+15 1749109785996041 1000
1.749109786020201e+15 1749109785996041 1000
1.749109786020215e+15 1749109785996041 1000
1.749109786020314e+15 1749109785996041 1000
1.749109786020323e+15 1749109785996041 1000
1.749109786020395e+15 1749109785996041 1000
1.749109786020478e+15 1749109785996041 1000
1.749109786020608e+15 1749109785996041 1000
1.7491097860207e+15 1749109785996041 1000
1.749109786020711e+15 1749109785996041 1000
1.749109786020765e+15 1749109785996041 1000
1.749109786020869e+15 1749109785996041 1000
1.749109786020965e+15 1749109785996041 1000
1.749109786021004e+15 1749109785996041 1000
1.749109786021078e+15 1749109785996041 1000
1.749109786021158e+15 1749109785996041 1000
1.749109786021186e+15 1749109785996041 1000
1.749109786021229e+15 1749109785996041 1000
1.749109786021316e+15 1749109785996041 1000
1.749109786021398e+15 1749109785996041 1000
1.74910978602146e+15 1749109785996041 1000
1.74910978602158e+15 1749109785996041 1000
1.749109786021589e+15 1749109785996041 1000
1.749109786021727e+15 1749109785996041 1000
1.749109786021741e+15 1749109785996041 1000
1.749109786021797e+15 1749109785996041 1000
1.749109786021933e+15 1749109785996041 1000
1.749109786021945e+15 1749109785996041 1000
1.749109786021989e+15 1749109785996041 1000
1.749109786022054e+15 1749109785996041 1000
1.749109786022183e+15 1749109785996041 1000
1.749109786022296e+15 1749109785996041 1000
1.749109786022405e+15 1749109785996041 1000
1.749109786022485e+15 1749109785996041 1000
1.749109786022556e+15 1749109785996041 1000
1.74910978602265e+15 1749109785996041 1000
1.749109786022737e+15 1749109785996041 1000
1.749109786022796e+15 1749109785996041 1000
1.749109786023042e+15 1749109785996041 1000
1.749109786023048e+15 1749109785996041 1000
1.749109786023159e+15 1749109785996041 1000
1.749109786023167e+15 1749109785996041 1000
1.749109786023273e+15 1749109785996041 1000
1.749109786023284e+15 1749109785996041 1000
1.749109786023344e+15 1749109785996041 1000
1.749109786023449e+15 1749109785996041 1000
1.749109786023463e+15 1749109785996041 1000
1.749109786023524e+15 1749109785996041 1000
1.749109786023757e+15 1749109785996041 1000
1.749109786023767e+15 1749109785996041 1000
1.749109786023832e+15 1749109785996041 1000
1.749109786023951e+15 1749109785996041 1000
1.749109786024071e+15 1749109785996041 1000
1.74910978602408e+15 1749109785996041 1000
1.74910978602412e+15 1749109785996041 1000
1.749109786024215e+15 1749109785996041 1000
1.749109786024272e+15 1749109785996041 1000
1.749109786024335e+15 1749109785996041 1000
1.749109786024467e+15 1749109785996041 1000
1.749109786024476e+15 1749109785996041 1000
1.749109786024515e+15 1749109785996041 1000
1.749109786024591e+15 1749109785996041 1000
1.74910978602465e+15 1749109785996041 1000
1.749109786024723e+15 1749109785996041 1000
1.74910978602488e+15 1749109785996041 1000
1.749109786025111e+15 1749109785996041 1000
1.749109786025116e+15 1749109785996041 1000
1.749109786025176e+15 1749109785996041 1000
1.749109786025236e+15 1749109785996041 1000
1.749109786025323e+15 1749109785996041 1000
1.749109786025402e+15 1749109785996041 1000
1.749109786025494e+15 1749109785996041 1000
1.749109786045836e+15 1749109786045828 1000
1.749109786046333e+15 1749109786045828 1000
1.749109786046461e+15 1749109786045828 1000
1.749109786046584e+15 1749109786045828 1000
1.749109786046751e+15 1749109786045828 1000
1.749109786047183e+15 1749109786045828 1000
1.749109786047383e+15 1749109786045828 1000
1.749109786047649e+15 1749109786045828 1000
1.749109786047976e+15 1749109786045828 1000
1.749109786048246e+15 1749109786045828 1000
1.749109786048469e+15 1749109786045828 1000
1.749109786048767e+15 1749109786045828 1000
1.749109786048971e+15 1749109786045828 1000
1.749109786049275e+15 1749109786045828 1000
1.74910978604953e+15 1749109786045828 1000
1.749109786049787e+15 1749109786045828 1000
1.749109786050131e+15 1749109786045828 1000
1.7491097860504e+15 1749109786045828 1000
1.74910978605071e+15 1749109786045828 1000
1.749109786050997e+15 1749109786045828 1000
1.749109786051432e+15 1749109786045828 1000
1.749109786051504e+15 1749109786045828 1000
1.749109786051663e+15 1749109786045828 1000
1.749109786052015e+15 1749109786045828 1000
1.749109786052267e+15 1749109786045828 1000
1.749109786052569e+15 1749109786045828 1000
1.749109786052961e+15 1749109786045828 1000
1.749109786053027e+15 1749109786045828 1000
1.749109786053335e+15 1749109786045828 1000
1.749109786053655e+15 1749109786045828 1000
1.749109786053775e+15 1749109786045828 1000
1.749109786053848e+15 1749109786045828 1000
1.749109786054076e+15 1749109786045828 1000
1.749109786054375e+15 1749109786045828 1000
1.74910978605438e+15 1749109786045828 1000
1.749109786054627e+15 1749109786045828 1000
1.749109786054912e+15 1749109786045828 1000
1.749109786055216e+15 1749109786045828 1000
1.749109786055491e+15 1749109786045828 1000
1.74910978605579e+15 1749109786045828 1000
1.749109786056083e+15 1749109786045828 1000
1.749109786056385e+15 1749109786045828 1000
1.749109786056679e+15 1749109786045828 1000
1.749109786056694e+15 1749109786045828 1000
1.749109786056984e+15 1749109786045828 1000
1.749109786057047e+15 1749109786045828 1000
1.74910978605729e+15 1749109786045828 1000
1.749109786057573e+15 1749109786045828 1000
1.749109786058139e+15 1749109786045828 1000
1.749109786058292e+15 1749109786045828 1000
1.749109786058548e+15 1749109786045828 1000
1.749109786058699e+15 1749109786045828 1000
1.749109786058917e+15 1749109786045828 1000
1.749109786059147e+15 1749109786045828 1000
1.749109786059433e+15 1749109786045828 1000
1.749109786059694e+15 1749109786045828 1000
1.74910978606002e+15 1749109786045828 1000
1.749109786060347e+15 1749109786045828 1000
1.749109786060594e+15 1749109786045828 1000
1.749109786060922e+15 1749109786045828 1000
1.749109786061014e+15 1749109786045828 1000
1.749109786061346e+15 1749109786045828 1000
1.749109786061564e+15 1749109786045828 1000
1.749109786061756e+15 1749109786045828 1000
1.74910978606204e+15 1749109786045828 1000
1.749109786062296e+15 1749109786045828 1000
1.749109786062544e+15 1749109786045828 1000
1.749109786062817e+15 1749109786045828 1000
1.749109786062985e+15 1749109786045828 1000
1.749109786063229e+15 1749109786045828 1000
1.749109786063486e+15 1749109786045828 1000
1.749109786063787e+15 1749109786045828 1000
1.749109786063799e+15 1749109786045828 1000
1.749109786064072e+15 1749109786045828 1000
1.749109786064084e+15 1749109786045828 1000
1.749109786064169e+15 1749109786045828 1000
1.749109786064257e+15 1749109786045828 1000
1.749109786064458e+15 1749109786045828 1000
1.749109786064682e+15 1749109786045828 1000
1.749109786065018e+15 1749109786045828 1000
1.74910978606503e+15 1749109786045828 1000
1.749109786065278e+15 1749109786045828 1000
1.74910978606557e+15 1749109786045828 1000
1.749109786065782e+15 1749109786045828 1000
1.749109786065856e+15 1749109786045828 1000
1.749109786066022e+15 1749109786045828 1000
1.74910978606631e+15 1749109786045828 1000
1.749109786066566e+15 1749109786045828 1000
1.749109786066991e+15 1749109786045828 1000
1.749109786067001e+15 1749109786045828 1000
1.749109786067226e+15 1749109786045828 1000
1.749109786067413e+15 1749109786045828 1000
1.749109786067549e+15 1749109786045828 1000
1.749109786067562e+15 1749109786045828 1000
1.749109786067622e+15 1749109786045828 1000
1.749109786067789e+15 1749109786045828 1000
1.749109786067822e+15 1749109786045828 1000
1.749109786067897e+15 1749109786045828 1000
1.749109786067976e+15 1749109786045828 1000
1.749109786068148e+15 1749109786045828 1000
1.749109786068159e+15 1749109786045828 1000
1.749109786068303e+15 1749109786045828 1000
1.749109786068418e+15 1749109786045828 1000
1.749109786068495e+15 1749109786045828 1000
1.749109786068577e+15 1749109786045828 1000
1.749109786068636e+15 1749109786045828 1000
1.74910978606883e+15 1749109786045828 1000
1.749109786068851e+15 1749109786045828 1000
1.749109786068907e+15 1749109786045828 1000
1.749109786069037e+15 1749109786045828 1000
1.749109786069203e+15 1749109786045828 1000
1.749109786069215e+15 1749109786045828 1000
1.749109786069286e+15 1749109786045828 1000
1.749109786069373e+15 1749109786045828 1000
1.749109786069445e+15 1749109786045828 1000
1.749109786069511e+15 1749109786045828 1000
1.749109786069587e+15 1749109786045828 1000
1.7491097860698e+15 1749109786045828 1000
1.749109786069869e+15 1749109786045828 1000
1.749109786069876e+15 1749109786045828 1000
1.749109786069943e+15 1749109786045828 1000
1.749109786070027e+15 1749109786045828 1000
1.749109786070088e+15 1749109786045828 1000
1.749109786070256e+15 1749109786045828 1000
1.749109786070435e+15 1749109786045828 1000
1.749109786070453e+15 1749109786045828 1000
1.749109786070503e+15 1749109786045828 1000
1.749109786070609e+15 1749109786045828 1000
1.749109786070683e+15 1749109786045828 1000
1.749109786070756e+15 1749109786045828 1000
1.749109786070802e+15 1749109786045828 1000
1.749109786070887e+15 1749109786045828 1000
1.749109786070974e+15 1749109786045828 1000
1.749109786095616e+15 1749109786095601 1000
1.749109786095809e+15 1749109786095601 1000
1.749109786096011e+15 1749109786095601 1000
1.749109786096251e+15 1749109786095601 1000
1.749109786096538e+15 1749109786095601 1000
1.749109786096957e+15 1749109786095601 1000
1.749109786097013e+15 1749109786095601 1000
1.749109786097024e+15 1749109786095601 1000
1.749109786097091e+15 1749109786095601 1000
1.749109786097332e+15 1749109786095601 1000
1.749109786097508e+15 1749109786095601 1000
1.74910978609774e+15 1749109786095601 1000
1.74910978609788e+15 1749109786095601 1000
1.749109786098085e+15 1749109786095601 1000
1.749109786098333e+15 1749109786095601 1000
1.749109786098623e+15 1749109786095601 1000
1.749109786098797e+15 1749109786095601 1000
1.749109786098857e+15 1749109786095601 1000
1.749109786099023e+15 1749109786095601 1000
1.749109786099241e+15 1749109786095601 1000
1.749109786099314e+15 1749109786095601 1000
1.749109786099394e+15 1749109786095601 1000
1.749109786099525e+15 1749109786095601 1000
1.74910978609976e+15 1749109786095601 1000
1.749109786099975e+15 1749109786095601 1000
1.749109786100203e+15 1749109786095601 1000
1.749109786100388e+15 1749109786095601 1000
1.749109786100932e+15 1749109786095601 1000
1.749109786101179e+15 1749109786095601 1000
1.749109786101402e+15 1749109786095601 1000
1.749109786101408e+15 1749109786095601 1000
1.749109786101638e+15 1749109786095601 1000
1.749109786101685e+15 1749109786095601 1000
1.749109786101791e+15 1749109786095601 1000
1.749109786101995e+15 1749109786095601 1000
1.749109786102229e+15 1749109786095601 1000
1.749109786102474e+15 1749109786095601 1000
1.749109786102549e+15 1749109786095601 1000
1.74910978610273e+15 1749109786095601 1000
1.749109786102949e+15 1749109786095601 1000
1.749109786103015e+15 1749109786095601 1000
1.749109786103157e+15 1749109786095601 1000
1.749109786103551e+15 1749109786095601 1000
1.749109786103563e+15 1749109786095601 1000
1.749109786103636e+15 1749109786095601 1000
1.749109786103774e+15 1749109786095601 1000
1.749109786103998e+15 1749109786095601 1000
1.749109786104077e+15 1749109786095601 1000
1.749109786104243e+15 1749109786095601 1000
1.749109786104563e+15 1749109786095601 1000
1.749109786104609e+15 1749109786095601 1000
1.749109786104814e+15 1749109786095601 1000
1.749109786104988e+15 1749109786095601 1000
1.74910978610505e+15 1749109786095601 1000
1.749109786105252e+15 1749109786095601 1000
1.749109786105658e+15 1749109786095601 1000
1.749109786105834e+15 1749109786095601 1000
1.749109786106056e+15 1749109786095601 1000
1.749109786106133e+15 1749109786095601 1000
1.749109786106343e+15 1749109786095601 1000
1.749109786106356e+15 1749109786095601 1000
1.749109786106424e+15 1749109786095601 1000
1.749109786106602e+15 1749109786095601 1000
1.749109786106816e+15 1749109786095601 1000
1.749109786107047e+15 1749109786095601 1000
1.749109786107358e+15 1749109786095601 1000
1.749109786107604e+15 1749109786095601 1000
1.749109786107882e+15 1749109786095601 1000
1.749109786107943e+15 1749109786095601 1000
1.749109786107954e+15 1749109786095601 1000
1.749109786108077e+15 1749109786095601 1000
1.749109786108328e+15 1749109786095601 1000
1.749109786108602e+15 1749109786095601 1000
1.749109786108692e+15 1749109786095601 1000
1.749109786108783e+15 1749109786095601 1000
1.749109786108869e+15 1749109786095601 1000
1.749109786108968e+15 1749109786095601 1000
1.749109786109019e+15 1749109786095601 1000
1.749109786109151e+15 1749109786095601 1000
1.749109786109162e+15 1749109786095601 1000
1.749109786109248e+15 1749109786095601 1000
1.749109786109312e+15 1749109786095601 1000
1.749109786109406e+15 1749109786095601 1000
1.749109786109492e+15 1749109786095601 1000
1.749109786109566e+15 1749109786095601 1000
1.74910978610967e+15 1749109786095601 1000
1.749109786109735e+15 1749109786095601 1000
1.749109786109848e+15 1749109786095601 1000
1.749109786109894e+15 1749109786095601 1000
1.749109786109988e+15 1749109786095601 1000
1.749109786110041e+15 1749109786095601 1000
1.749109786110115e+15 1749109786095601 1000
1.749109786110185e+15 1749109786095601 1000
1.749109786110281e+15 1749109786095601 1000
1.74910978611036e+15 1749109786095601 1000
1.749109786110654e+15 1749109786095601 1000
1.749109786110798e+15 1749109786095601 1000
1.749109786111076e+15 1749109786095601 1000
1.749109786111126e+15 1749109786095601 1000
1.749109786111208e+15 1749109786095601 1000
1.74910978611145e+15 1749109786095601 1000
1.749109786111563e+15 1749109786095601 1000
1.749109786111573e+15 1749109786095601 1000
1.749109786111611e+15 1749109786095601 1000
1.749109786111695e+15 1749109786095601 1000
1.749109786111778e+15 1749109786095601 1000
1.749109786111987e+15 1749109786095601 1000
1.749109786111998e+15 1749109786095601 1000
1.749109786112103e+15 1749109786095601 1000
1.7491097861123e+15 1749109786095601 1000
1.749109786112316e+15 1749109786095601 1000
1.74910978611236e+15 1749109786095601 1000
1.749109786112442e+15 1749109786095601 1000
1.749109786112519e+15 1749109786095601 1000
1.749109786112597e+15 1749109786095601 1000
1.749109786112651e+15 1749109786095601 1000
1.749109786112803e+15 1749109786095601 1000
1.749109786112813e+15 1749109786095601 1000
1.749109786112941e+15 1749109786095601 1000
1.749109786113091e+15 1749109786095601 1000
1.749109786113103e+15 1749109786095601 1000
1.749109786113166e+15 1749109786095601 1000
1.749109786113238e+15 1749109786095601 1000
1.749109786113512e+15 1749109786095601 1000
1.749109786113965e+15 1749109786095601 1000
1.74910978611397e+15 1749109786095601 1000
1.74910978611409e+15 1749109786095601 1000
1.749109786114101e+15 1749109786095601 1000
1.749109786145618e+15 1749109786145611 1000
1.749109786145952e+15 1749109786145611 1000
1.749109786146022e+15 1749109786145611 1000
1.749109786146108e+15 1749109786145611 1000
1.749109786146306e+15 1749109786145611 1000
1.749109786146317e+15 1749109786145611 1000
1.749109786146571e+15 1749109786145611 1000
1.749109786146814e+15 1749109786145611 1000
1.749109786146826e+15 1749109786145611 1000
1.749109786146966e+15 1749109786145611 1000
1.749109786147043e+15 1749109786145611 1000
1.749109786147124e+15 1749109786145611 1000
1.749109786147273e+15 1749109786145611 1000
1.749109786147332e+15 1749109786145611 1000
1.749109786147605e+15 1749109786145611 1000
1.74910978614762e+15 1749109786145611 1000
1.749109786147671e+15 1749109786145611 1000
1.749109786147916e+15 1749109786145611 1000
1.749109786148109e+15 1749109786145611 1000
1.749109786148125e+15 1749109786145611 1000
1.749109786148376e+15 1749109786145611 1000
1.74910978614857e+15 1749109786145611 1000
1.749109786148581e+15 1749109786145611 1000
1.749109786148939e+15 1749109786145611 1000
1.749109786149024e+15 1749109786145611 1000
1.749109786149233e+15 1749109786145611 1000
1.749109786149364e+15 1749109786145611 1000
1.749109786149435e+15 1749109786145611 1000
1.749109786149499e+15 1749109786145611 1000
1.749109786149655e+15 1749109786145611 1000
1.749109786149663e+15 1749109786145611 1000
1.749109786150069e+15 1749109786145611 1000
1.749109786150149e+15 1749109786145611 1000
1.749109786150373e+15 1749109786145611 1000
1.749109786150632e+15 1749109786145611 1000
1.749109786150728e+15 1749109786145611 1000
1.749109786150974e+15 1749109786145611 1000
1.749109786151112e+15 1749109786145611 1000
1.749109786151117e+15 1749109786145611 1000
1.749109786151181e+15 1749109786145611 1000
1.749109786151285e+15 1749109786145611 1000
1.749109786151793e+15 1749109786145611 1000
1.74910978615187e+15 1749109786145611 1000
1.749109786152147e+15 1749109786145611 1000
1.749109786152441e+15 1749109786145611 1000
1.749109786152722e+15 1749109786145611 1000
1.749109786153131e+15 1749109786145611 1000
1.749109786153144e+15 1749109786145611 1000
1.749109786153185e+15 1749109786145611 1000
1.749109786153469e+15 1749109786145611 1000
1.749109786153562e+15 1749109786145611 1000
1.749109786153776e+15 1749109786145611 1000
1.749109786153894e+15 1749109786145611 1000
1.749109786153906e+15 1749109786145611 1000
1.749109786154275e+15 1749109786145611 1000
1.749109786154456e+15 1749109786145611 1000
1.749109786154703e+15 1749109786145611 1000
1.749109786154925e+15 1749109786145611 1000
1.749109786155136e+15 1749109786145611 1000
1.749109786155316e+15 1749109786145611 1000
1.74910978615556e+15 1749109786145611 1000
1.74910978615572e+15 1749109786145611 1000
1.749109786155888e+15 1749109786145611 1000
1.749109786156254e+15 1749109786145611 1000
1.749109786156299e+15 1749109786145611 1000
1.749109786156438e+15 1749109786145611 1000
1.749109786156582e+15 1749109786145611 1000
1.749109786156599e+15 1749109786145611 1000
1.74910978615676e+15 1749109786145611 1000
1.749109786157102e+15 1749109786145611 1000
1.749109786157237e+15 1749109786145611 1000
1.749109786157374e+15 1749109786145611 1000
1.74910978615765e+15 1749109786145611 1000
1.749109786157821e+15 1749109786145611 1000
1.749109786158071e+15 1749109786145611 1000
1.749109786158382e+15 1749109786145611 1000
1.749109786158649e+15 1749109786145611 1000
1.74910978615879e+15 1749109786145611 1000
1.749109786158956e+15 1749109786145611 1000
1.749109786159152e+15 1749109786145611 1000
1.749109786159433e+15 1749109786145611 1000
1.749109786159633e+15 1749109786145611 1000
1.749109786159999e+15 1749109786145611 1000
1.749109786160211e+15 1749109786145611 1000
1.749109786160558e+15 1749109786145611 1000
1.749109786160783e+15 1749109786145611 1000
1.749109786161118e+15 1749109786145611 1000
1.74910978616128e+15 1749109786145611 1000
1.749109786161627e+15 1749109786145611 1000
1.749109786161884e+15 1749109786145611 1000
1.749109786162355e+15 1749109786145611 1000
1.749109786162592e+15 1749109786145611 1000
1.749109786162707e+15 1749109786145611 1000
1.749109786162946e+15 1749109786145611 1000
1.749109786163044e+15 1749109786145611 1000
1.749109786163194e+15 1749109786145611 1000
1.749109786163336e+15 1749109786145611 1000
1.749109786163622e+15 1749109786145611 1000
1.749109786163694e+15 1749109786145611 1000
1.749109786163942e+15 1749109786145611 1000
1.749109786164245e+15 1749109786145611 1000
1.749109786164254e+15 1749109786145611 1000
1.749109786164448e+15 1749109786145611 1000
1.749109786164513e+15 1749109786145611 1000
1.749109786164616e+15 1749109786145611 1000
1.74910978616488e+15 1749109786145611 1000
1.749109786164985e+15 1749109786145611 1000
1.749109786165168e+15 1749109786145611 1000
1.749109786165266e+15 1749109786145611 1000
1.749109786165336e+15 1749109786145611 1000
1.74910978616546e+15 1749109786145611 1000
1.749109786165542e+15 1749109786145611 1000
1.749109786165599e+15 1749109786145611 1000
1.749109786165708e+15 1749109786145611 1000
1.749109786165792e+15 1749109786145611 1000
1.749109786165938e+15 1749109786145611 1000
1.749109786165993e+15 1749109786145611 1000
1.749109786166128e+15 1749109786145611 1000
1.749109786167755e+15 1749109786145611 1000
1.749109786195659e+15 1749109786195643 1000
1.749109786195911e+15 1749109786195643 1000
1.749109786196139e+15 1749109786195643 1000
1.749109786196148e+15 1749109786195643 1000
1.749109786196249e+15 1749109786195643 1000
1.749109786196422e+15 1749109786195643 1000
1.749109786196512e+15 1749109786195643 1000
1.749109786196592e+15 1749109786195643 1000
1.749109786196707e+15 1749109786195643 1000
1.749109786196784e+15 1749109786195643 1000
1.749109786196946e+15 1749109786195643 1000
1.749109786196961e+15 1749109786195643 1000
1.749109786197028e+15 1749109786195643 1000
1.74910978619717e+15 1749109786195643 1000
1.749109786197235e+15 1749109786195643 1000
1.749109786197305e+15 1749109786195643 1000
1.749109786197397e+15 1749109786195643 1000
1.749109786197501e+15 1749109786195643 1000
1.749109786197579e+15 1749109786195643 1000
1.749109786197766e+15 1749109786195643 1000
1.749109786197777e+15 1749109786195643 1000
1.749109786198018e+15 1749109786195643 1000
1.749109786198027e+15 1749109786195643 1000
1.749109786198131e+15 1749109786195643 1000
1.74910978619874e+15 1749109786195643 1000
1.749109786198749e+15 1749109786195643 1000
1.749109786198864e+15 1749109786195643 1000
1.74910978619888e+15 1749109786195643 1000
1.749109786199092e+15 1749109786195643 1000
1.749109786199104e+15 1749109786195643 1000
1.749109786199153e+15 1749109786195643 1000
1.749109786199236e+15 1749109786195643 1000
1.749109786199312e+15 1749109786195643 1000
1.749109786199544e+15 1749109786195643 1000
1.749109786199627e+15 1749109786195643 1000
1.749109786199631e+15 1749109786195643 1000
1.749109786199715e+15 1749109786195643 1000
1.74910978619996e+15 1749109786195643 1000
1.749109786199971e+15 1749109786195643 1000
1.749109786200025e+15 1749109786195643 1000
1.749109786200141e+15 1749109786195643 1000
1.749109786200199e+15 1749109786195643 1000
1.749109786200301e+15 1749109786195643 1000
1.749109786200415e+15 1749109786195643 1000
1.74910978620053e+15 1749109786195643 1000
1.749109786200539e+15 1749109786195643 1000
1.749109786200621e+15 1749109786195643 1000
1.749109786200847e+15 1749109786195643 1000
1.749109786200857e+15 1749109786195643 1000
1.749109786201119e+15 1749109786195643 1000
1.749109786201257e+15 1749109786195643 1000
1.749109786201334e+15 1749109786195643 1000
1.749109786201342e+15 1749109786195643 1000
1.749109786201388e+15 1749109786195643 1000
1.749109786201481e+15 1749109786195643 1000
1.749109786201543e+15 1749109786195643 1000
1.749109786201621e+15 1749109786195643 1000
1.749109786201778e+15 1749109786195643 1000
1.749109786201841e+15 1749109786195643 1000
1.749109786201929e+15 1749109786195643 1000
1.749109786202042e+15 1749109786195643 1000
1.749109786202051e+15 1749109786195643 1000
1.749109786202126e+15 1749109786195643 1000
1.749109786202312e+15 1749109786195643 1000
1.749109786202441e+15 1749109786195643 1000
1.749109786202451e+15 1749109786195643 1000
1.749109786202516e+15 1749109786195643 1000
1.749109786202584e+15 1749109786195643 1000
1.749109786202697e+15 1749109786195643 1000
1.749109786202729e+15 1749109786195643 1000
1.749109786202861e+15 1749109786195643 1000
1.749109786203023e+15 1749109786195643 1000
1.749109786203032e+15 1749109786195643 1000
1.749109786203086e+15 1749109786195643 1000
1.749109786203164e+15 1749109786195643 1000
1.749109786203265e+15 1749109786195643 1000
1.749109786203379e+15 1749109786195643 1000
1.749109786203482e+15 1749109786195643 1000
1.749109786203613e+15 1749109786195643 1000
1.749109786203641e+15 1749109786195643 1000
1.749109786203812e+15 1749109786195643 1000
1.749109786203821e+15 1749109786195643 1000
1.749109786203889e+15 1749109786195643 1000
1.749109786203956e+15 1749109786195643 1000
1.749109786204269e+15 1749109786195643 1000
1.749109786204279e+15 1749109786195643 1000
1.749109786204392e+15 1749109786195643 1000
1.749109786204507e+15 1749109786195643 1000
1.749109786204517e+15 1749109786195643 1000
1.749109786204575e+15 1749109786195643 1000
1.749109786204774e+15 1749109786195643 1000
1.74910978620508e+15 1749109786195643 1000
1.749109786205159e+15 1749109786195643 1000
1.749109786205224e+15 1749109786195643 1000
1.749109786245236e+15 1749109786245233 1000
1.749109786246308e+15 1749109786245233 1000
1.749109786246396e+15 1749109786245233 1000
1.749109786246461e+15 1749109786245233 1000
1.749109786246604e+15 1749109786245233 1000
1.74910978624682e+15 1749109786245233 1000
1.749109786247227e+15 1749109786245233 1000
1.749109786247872e+15 1749109786245233 1000
1.749109786248561e+15 1749109786245233 1000
1.749109786249057e+15 1749109786245233 1000
1.749109786250467e+15 1749109786245233 1000
1.749109786250673e+15 1749109786245233 1000
1.749109786250849e+15 1749109786245233 1000
1.749109786251079e+15 1749109786245233 1000
1.749109786251415e+15 1749109786245233 1000
1.749109786251598e+15 1749109786245233 1000
1.749109786251898e+15 1749109786245233 1000
1.749109786252221e+15 1749109786245233 1000
1.749109786252231e+15 1749109786245233 1000
1.749109786252372e+15 1749109786245233 1000
1.749109786252654e+15 1749109786245233 1000
1.749109786252812e+15 1749109786245233 1000
1.749109786253045e+15 1749109786245233 1000
1.749109786253315e+15 1749109786245233 1000
1.74910978625347e+15 1749109786245233 1000
1.749109786253687e+15 1749109786245233 1000
1.749109786253961e+15 1749109786245233 1000
1.749109786254239e+15 1749109786245233 1000
1.749109786254404e+15 1749109786245233 1000
1.749109786254615e+15 1749109786245233 1000
1.74910978625483e+15 1749109786245233 1000
1.749109786255079e+15 1749109786245233 1000
1.749109786255327e+15 1749109786245233 1000
1.749109786255563e+15 1749109786245233 1000
1.749109786255769e+15 1749109786245233 1000
1.749109786255827e+15 1749109786245233 1000
1.749109786255922e+15 1749109786245233 1000
1.749109786255971e+15 1749109786245233 1000
1.749109786256072e+15 1749109786245233 1000
1.749109786256129e+15 1749109786245233 1000
1.749109786256207e+15 1749109786245233 1000
1.749109786256284e+15 1749109786245233 1000
1.74910978625635e+15 1749109786245233 1000
1.749109786256534e+15 1749109786245233 1000
1.749109786256543e+15 1749109786245233 1000
1.749109786256602e+15 1749109786245233 1000
1.749109786256739e+15 1749109786245233 1000
1.749109786256758e+15 1749109786245233 1000
1.749109786256855e+15 1749109786245233 1000
1.749109786256929e+15 1749109786245233 1000
1.749109786257064e+15 1749109786245233 1000
1.749109786257074e+15 1749109786245233 1000
1.749109786257173e+15 1749109786245233 1000
1.749109786257288e+15 1749109786245233 1000
1.749109786257297e+15 1749109786245233 1000
1.74910978625735e+15 1749109786245233 1000
1.749109786257477e+15 1749109786245233 1000
1.749109786257486e+15 1749109786245233 1000
1.749109786257616e+15 1749109786245233 1000
1.749109786257674e+15 1749109786245233 1000
1.749109786257738e+15 1749109786245233 1000
1.749109786257748e+15 1749109786245233 1000
1.749109786257811e+15 1749109786245233 1000
1.749109786257958e+15 1749109786245233 1000
1.749109786257969e+15 1749109786245233 1000
1.749109786258092e+15 1749109786245233 1000
1.749109786258104e+15 1749109786245233 1000
1.749109786258189e+15 1749109786245233 1000
1.749109786258253e+15 1749109786245233 1000
1.749109786258323e+15 1749109786245233 1000
1.749109786258422e+15 1749109786245233 1000
1.749109786258518e+15 1749109786245233 1000
1.749109786258527e+15 1749109786245233 1000
1.749109786258645e+15 1749109786245233 1000
1.749109786258828e+15 1749109786245233 1000
1.749109786258838e+15 1749109786245233 1000
1.74910978625896e+15 1749109786245233 1000
1.749109786259033e+15 1749109786245233 1000
1.749109786259043e+15 1749109786245233 1000
1.749109786259126e+15 1749109786245233 1000
1.749109786259205e+15 1749109786245233 1000
1.749109786259288e+15 1749109786245233 1000
1.749109786259377e+15 1749109786245233 1000
1.749109786259476e+15 1749109786245233 1000
1.749109786259529e+15 1749109786245233 1000
1.749109786259603e+15 1749109786245233 1000
1.749109786259681e+15 1749109786245233 1000
1.749109786259757e+15 1749109786245233 1000
1.749109786259846e+15 1749109786245233 1000
1.749109786259918e+15 1749109786245233 1000
1.749109786260013e+15 1749109786245233 1000
1.749109786260084e+15 1749109786245233 1000
1.74910978626022e+15 1749109786245233 1000
1.74910978626025e+15 1749109786245233 1000
1.74910978626032e+15 1749109786245233 1000
1.749109786260398e+15 1749109786245233 1000
1.749109786260533e+15 1749109786245233 1000
1.749109786260567e+15 1749109786245233 1000
1.749109786260696e+15 1749109786245233 1000
1.749109786260711e+15 1749109786245233 1000
1.749109786260776e+15 1749109786245233 1000
1.749109786260921e+15 1749109786245233 1000
1.749109786260968e+15 1749109786245233 1000
1.749109786261041e+15 1749109786245233 1000
1.74910978626112e+15 1749109786245233 1000
1.749109786261192e+15 1749109786245233 1000
1.749109786261328e+15 1749109786245233 1000
1.749109786261341e+15 1749109786245233 1000
1.74910978626142e+15 1749109786245233 1000
1.749109786261497e+15 1749109786245233 1000
1.749109786261579e+15 1749109786245233 1000
1.74910978626169e+15 1749109786245233 1000
1.749109786261826e+15 1749109786245233 1000
1.749109786261838e+15 1749109786245233 1000
1.749109786261945e+15 1749109786245233 1000
1.749109786262062e+15 1749109786245233 1000
1.749109786262071e+15 1749109786245233 1000
1.749109786262127e+15 1749109786245233 1000
1.749109786262301e+15 1749109786245233 1000
1.74910978626231e+15 1749109786245233 1000
1.74910978626244e+15 1749109786245233 1000
1.749109786262453e+15 1749109786245233 1000
1.749109786262516e+15 1749109786245233 1000
1.749109786262596e+15 1749109786245233 1000
1.749109786262671e+15 1749109786245233 1000
1.74910978626276e+15 1749109786245233 1000
1.749109786262831e+15 1749109786245233 1000
1.749109786262965e+15 1749109786245233 1000
1.749109786263073e+15 1749109786245233 1000
1.749109786263087e+15 1749109786245233 1000
1.749109786263281e+15 1749109786245233 1000
1.749109786263291e+15 1749109786245233 1000
1.749109786263364e+15 1749109786245233 1000
1.749109786263485e+15 1749109786245233 1000
1.749109786263521e+15 1749109786245233 1000
1.749109786263661e+15 1749109786245233 1000
1.749109786263717e+15 1749109786245233 1000
1.749109786263784e+15 1749109786245233 1000
1.749109786263835e+15 1749109786245233 1000
1.749109786263907e+15 1749109786245233 1000
1.749109786263962e+15 1749109786245233 1000
1.749109786264041e+15 1749109786245233 1000
1.749109786264108e+15 1749109786245233 1000
1.749109786264199e+15 1749109786245233 1000
1.749109786264365e+15 1749109786245233 1000
1.749109786264378e+15 1749109786245233 1000
1.749109786264441e+15 1749109786245233 1000
1.749109786264484e+15 1749109786245233 1000
1.749109786264559e+15 1749109786245233 1000
1.749109786264599e+15 1749109786245233 1000
1.749109786264651e+15 1749109786245233 1000
1.74910978626471e+15 1749109786245233 1000
1.749109786264786e+15 1749109786245233 1000
1.749109786264843e+15 1749109786245233 1000
1.749109786264923e+15 1749109786245233 1000
1.74910978626497e+15 1749109786245233 1000
1.749109786265097e+15 1749109786245233 1000
1.749109786295585e+15 1749109786295563 1000
1.749109786295874e+15 1749109786295563 1000
1.749109786296069e+15 1749109786295563 1000
1.749109786296298e+15 1749109786295563 1000
1.749109786296372e+15 1749109786295563 1000
1.749109786296568e+15 1749109786295563 1000
1.74910978629658e+15 1749109786295563 1000
1.749109786296727e+15 1749109786295563 1000
1.749109786296802e+15 1749109786295563 1000
1.749109786296954e+15 1749109786295563 1000
1.749109786297224e+15 1749109786295563 1000
1.74910978629766e+15 1749109786295563 1000
1.749109786297671e+15 1749109786295563 1000
1.749109786297838e+15 1749109786295563 1000
1.749109786297948e+15 1749109786295563 1000
1.749109786298178e+15 1749109786295563 1000
1.749109786298182e+15 1749109786295563 1000
1.749109786298256e+15 1749109786295563 1000
1.749109786298431e+15 1749109786295563 1000
1.749109786298638e+15 1749109786295563 1000
1.7491097862988e+15 1749109786295563 1000
1.749109786299341e+15 1749109786295563 1000
1.74910978629935e+15 1749109786295563 1000
1.749109786299502e+15 1749109786295563 1000
1.749109786299732e+15 1749109786295563 1000
1.749109786299736e+15 1749109786295563 1000
1.749109786299901e+15 1749109786295563 1000
1.749109786300106e+15 1749109786295563 1000
1.749109786300219e+15 1749109786295563 1000
1.749109786300294e+15 1749109786295563 1000
1.749109786300452e+15 1749109786295563 1000
1.749109786300697e+15 1749109786295563 1000
1.749109786300778e+15 1749109786295563 1000
1.749109786300846e+15 1749109786295563 1000
1.749109786301103e+15 1749109786295563 1000
1.749109786301233e+15 1749109786295563 1000
1.749109786301405e+15 1749109786295563 1000
1.749109786301496e+15 1749109786295563 1000
1.749109786301722e+15 1749109786295563 1000
1.749109786301906e+15 1749109786295563 1000
1.749109786302006e+15 1749109786295563 1000
1.749109786302193e+15 1749109786295563 1000
1.749109786302253e+15 1749109786295563 1000
1.749109786302393e+15 1749109786295563 1000
1.749109786302403e+15 1749109786295563 1000
1.749109786302535e+15 1749109786295563 1000
1.749109786302545e+15 1749109786295563 1000
1.749109786302766e+15 1749109786295563 1000
1.749109786303248e+15 1749109786295563 1000
1.74910978630326e+15 1749109786295563 1000
1.74910978630338e+15 1749109786295563 1000
1.749109786303558e+15 1749109786295563 1000
1.749109786303608e+15 1749109786295563 1000
1.749109786303698e+15 1749109786295563 1000
1.749109786303773e+15 1749109786295563 1000
1.749109786303874e+15 1749109786295563 1000
1.749109786303931e+15 1749109786295563 1000
1.749109786304567e+15 1749109786295563 1000
1.749109786304747e+15 1749109786295563 1000
1.749109786304889e+15 1749109786295563 1000
1.749109786304962e+15 1749109786295563 1000
1.749109786305008e+15 1749109786295563 1000
1.749109786305058e+15 1749109786295563 1000
1.749109786305216e+15 1749109786295563 1000
1.749109786305531e+15 1749109786295563 1000
1.749109786305569e+15 1749109786295563 1000
1.749109786305649e+15 1749109786295563 1000
1.749109786305945e+15 1749109786295563 1000
1.749109786306007e+15 1749109786295563 1000
1.749109786306183e+15 1749109786295563 1000
1.749109786306229e+15 1749109786295563 1000
1.749109786306384e+15 1749109786295563 1000
1.749109786306583e+15 1749109786295563 1000
1.749109786306708e+15 1749109786295563 1000
1.749109786306777e+15 1749109786295563 1000
1.749109786306952e+15 1749109786295563 1000
1.749109786307155e+15 1749109786295563 1000
1.749109786307232e+15 1749109786295563 1000
1.74910978630735e+15 1749109786295563 1000
1.749109786307489e+15 1749109786295563 1000
1.749109786307687e+15 1749109786295563 1000
1.749109786307834e+15 1749109786295563 1000
1.749109786307901e+15 1749109786295563 1000
1.749109786308058e+15 1749109786295563 1000
1.749109786308243e+15 1749109786295563 1000
1.749109786308544e+15 1749109786295563 1000
1.749109786308548e+15 1749109786295563 1000
1.749109786308606e+15 1749109786295563 1000
1.749109786308843e+15 1749109786295563 1000
1.749109786308975e+15 1749109786295563 1000
1.749109786309187e+15 1749109786295563 1000
1.749109786309195e+15 1749109786295563 1000
1.749109786309337e+15 1749109786295563 1000
1.749109786309625e+15 1749109786295563 1000
1.749109786309637e+15 1749109786295563 1000
1.749109786309699e+15 1749109786295563 1000
1.749109786309961e+15 1749109786295563 1000
1.749109786310079e+15 1749109786295563 1000
1.749109786310225e+15 1749109786295563 1000
1.749109786310283e+15 1749109786295563 1000
1.749109786310479e+15 1749109786295563 1000
1.749109786310672e+15 1749109786295563 1000
1.749109786310816e+15 1749109786295563 1000
1.749109786311056e+15 1749109786295563 1000
1.749109786311197e+15 1749109786295563 1000
1.749109786311208e+15 1749109786295563 1000
1.749109786346057e+15 1749109786346035 1000
1.749109786346259e+15 1749109786346035 1000
1.749109786346403e+15 1749109786346035 1000
1.749109786346411e+15 1749109786346035 1000
1.749109786346485e+15 1749109786346035 1000
1.749109786346541e+15 1749109786346035 1000
1.749109786346627e+15 1749109786346035 1000
1.749109786346729e+15 1749109786346035 1000
1.749109786346797e+15 1749109786346035 1000
1.749109786346884e+15 1749109786346035 1000
1.749109786346959e+15 1749109786346035 1000
1.749109786347042e+15 1749109786346035 1000
1.749109786347136e+15 1749109786346035 1000
1.749109786347316e+15 1749109786346035 1000
1.749109786347386e+15 1749109786346035 1000
