1.749109785945627e+15 1749109785945592 1000
1.749109785946061e+15 1749109785945592 1000
1.749109785946226e+15 1749109785945592 1000
1.749109785946245e+15 1749109785945592 1000
1.7491097859464e+15 1749109785945592 1000
1.749109785946582e+15 1749109785945592 1000
1.749109785946594e+15 1749109785945592 1000
1.749109785946781e+15 1749109785945592 1000
1.749109785946879e+15 1749109785945592 1000
1.749109785946976e+15 1749109785945592 1000
1.749109785947116e+15 1749109785945592 1000
1.74910978594729e+15 1749109785945592 1000
1.749109785947299e+15 1749109785945592 1000
1.749109785947374e+15 1749109785945592 1000
1.749109785947455e+15 1749109785945592 1000
1.749109785947711e+15 1749109785945592 1000
1.749109785947719e+15 1749109785945592 1000
1.749109785947904e+15 1749109785945592 1000
1.749109785947977e+15 1749109785945592 1000
1.74910978594799e+15 1749109785945592 1000
1.749109785948053e+15 1749109785945592 1000
1.749109785948143e+15 1749109785945592 1000
1.749109785948239e+15 1749109785945592 1000
1.749109785948314e+15 1749109785945592 1000
1.749109785948478e+15 1749109785945592 1000
1.749109785948558e+15 1749109785945592 1000
1.749109785948649e+15 1749109785945592 1000
1.749109785948757e+15 1749109785945592 1000
1.749109785949096e+15 1749109785945592 1000
1.749109785949179e+15 1749109785945592 1000
1.749109785949183e+15 1749109785945592 1000
1.749109785949256e+15 1749109785945592 1000
1.749109785949401e+15 1749109785945592 1000
1.749109785949481e+15 1749109785945592 1000
1.749109785949542e+15 1749109785945592 1000
1.749109785949702e+15 1749109785945592 1000
1.749109785949769e+15 1749109785945592 1000
1.749109785949846e+15 1749109785945592 1000
1.74910978594993e+15 1749109785945592 1000
1.749109785950027e+15 1749109785945592 1000
1.749109785950073e+15 1749109785945592 1000
1.74910978595019e+15 1749109785945592 1000
1.74910978595032e+15 1749109785945592 1000
1.749109785950332e+15 1749109785945592 1000
1.749109785950415e+15 1749109785945592 1000
1.74910978595049e+15 1749109785945592 1000
1.749109785950562e+15 1749109785945592 1000
1.749109785950716e+15 1749109785945592 1000
1.749109785950797e+15 1749109785945592 1000
1.74910978595094e+15 1749109785945592 1000
1.749109785951273e+15 1749109785945592 1000
1.749109785951285e+15 1749109785945592 1000
1.74910978595142e+15 1749109785945592 1000
1.749109785951437e+15 1749109785945592 1000
1.749109785951486e+15 1749109785945592 1000
1.749109785951689e+15 1749109785945592 1000
1.7491097859517e+15 1749109785945592 1000
1.749109785951758e+15 1749109785945592 1000
1.749109785952162e+15 1749109785945592 1000
1.749109785952171e+15 1749109785945592 1000
1.749109785952259e+15 1749109785945592 1000
1.749109785952332e+15 1749109785945592 1000
1.749109785952388e+15 1749109785945592 1000
1.749109785952467e+15 1749109785945592 1000
1.749109785952657e+15 1749109785945592 1000
1.749109785952663e+15 1749109785945592 1000
1.749109785952889e+15 1749109785945592 1000
1.749109785953088e+15 1749109785945592 1000
1.749109785953092e+15 1749109785945592 1000
1.749109785953144e+15 1749109785945592 1000
1.749109785953245e+15 1749109785945592 1000
1.749109785953393e+15 1749109785945592 1000
1.749109785953474e+15 1749109785945592 1000
1.749109785953689e+15 1749109785945592 1000
1.749109785953698e+15 1749109785945592 1000
1.749109785953819e+15 1749109785945592 1000
1.749109785954022e+15 1749109785945592 1000
1.749109785954096e+15 1749109785945592 1000
1.749109785954336e+15 1749109785945592 1000
1.749109785954404e+15 1749109785945592 1000
1.74910978595441e+15 1749109785945592 1000
1.749109785954488e+15 1749109785945592 1000
1.749109785954591e+15 1749109785945592 1000
1.749109785954751e+15 1749109785945592 1000
1.749109785954861e+15 1749109785945592 1000
1.749109785954953e+15 1749109785945592 1000
1.749109785955729e+15 1749109785945592 1000
1.749109785955736e+15 1749109785945592 1000
1.749109785955816e+15 1749109785945592 1000
1.749109785956018e+15 1749109785945592 1000
1.749109785956098e+15 1749109785945592 1000
1.749109785956241e+15 1749109785945592 1000
1.749109785956408e+15 1749109785945592 1000
1.749109785956655e+15 1749109785945592 1000
1.749109785956666e+15 1749109785945592 1000
1.749109785956737e+15 1749109785945592 1000
1.749109785956938e+15 1749109785945592 1000
1.74910978595695e+15 1749109785945592 1000
1.749109785957001e+15 1749109785945592 1000
1.749109785957134e+15 1749109785945592 1000
1.749109785957206e+15 1749109785945592 1000
1.749109785957275e+15 1749109785945592 1000
1.749109785957372e+15 1749109785945592 1000
1.749109785957461e+15 1749109785945592 1000
1.749109785957618e+15 1749109785945592 1000
1.749109785957809e+15 1749109785945592 1000
1.749109785957816e+15 1749109785945592 1000
1.749109785957867e+15 1749109785945592 1000
1.74910978595838e+15 1749109785945592 1000
1.749109785958396e+15 1749109785945592 1000
1.749109785958462e+15 1749109785945592 1000
1.749109785958596e+15 1749109785945592 1000
1.749109785958625e+15 1749109785945592 1000
1.749109785958707e+15 1749109785945592 1000
1.749109785958815e+15 1749109785945592 1000
1.749109785958894e+15 1749109785945592 1000
1.74910978595907e+15 1749109785945592 1000
1.749109785959325e+15 1749109785945592 1000
1.749109785959329e+15 1749109785945592 1000
1.749109785996022e+15 1749109785996017 1000
1.749109785996275e+15 1749109785996017 1000
1.749109785996502e+15 1749109785996017 1000
1.749109785996788e+15 1749109785996017 1000
1.749109785997085e+15 1749109785996017 1000
1.74910978599742e+15 1749109785996017 1000
1.749109785997735e+15 1749109785996017 1000
1.749109785997984e+15 1749109785996017 1000
1.749109785998331e+15 1749109785996017 1000
1.749109785998394e+15 1749109785996017 1000
1.749109785998635e+15 1749109785996017 1000
1.749109785999277e+15 1749109785996017 1000
1.749109785999428e+15 1749109785996017 1000
1.749109785999663e+15 1749109785996017 1000
1.749109785999926e+15 1749109785996017 1000
1.749109786000176e+15 1749109785996017 1000
1.749109786000479e+15 1749109785996017 1000
1.749109786000846e+15 1749109785996017 1000
1.749109786001139e+15 1749109785996017 1000
1.749109786001152e+15 1749109785996017 1000
1.749109786001383e+15 1749109785996017 1000
1.749109786001698e+15 1749109785996017 1000
1.749109786002015e+15 1749109785996017 1000
1.749109786002355e+15 1749109785996017 1000
1.749109786002647e+15 1749109785996017 1000
1.749109786002926e+15 1749109785996017 1000
1.749109786003078e+15 1749109785996017 1000
1.749109786003348e+15 1749109785996017 1000
1.749109786003676e+15 1749109785996017 1000
1.749109786004027e+15 1749109785996017 1000
1.749109786004073e+15 1749109785996017 1000
1.749109786004291e+15 1749109785996017 1000
1.74910978600453e+15 1749109785996017 1000
1.749109786004761e+15 1749109785996017 1000
1.74910978600504e+15 1749109785996017 1000
1.749109786005328e+15 1749109785996017 1000
1.749109786005377e+15 1749109785996017 1000
1.749109786005504e+15 1749109785996017 1000
1.749109786005731e+15 1749109785996017 1000
1.749109786005934e+15 1749109785996017 1000
1.749109786006042e+15 1749109785996017 1000
1.749109786006203e+15 1749109785996017 1000
1.749109786006284e+15 1749109785996017 1000
1.749109786006497e+15 1749109785996017 1000
1.749109786006504e+15 1749109785996017 1000
1.749109786006767e+15 1749109785996017 1000
1.749109786007024e+15 1749109785996017 1000
1.749109786007266e+15 1749109785996017 1000
1.749109786007364e+15 1749109785996017 1000
1.749109786007696e+15 1749109785996017 1000
1.749109786007707e+15 1749109785996017 1000
1.749109786007967e+15 1749109785996017 1000
1.749109786008235e+15 1749109785996017 1000
1.749109786008381e+15 1749109785996017 1000
1.749109786008393e+15 1749109785996017 1000
1.749109786008629e+15 1749109785996017 1000
1.749109786008904e+15 1749109785996017 1000
1.74910978600916e+15 1749109785996017 1000
1.749109786009409e+15 1749109785996017 1000
1.74910978600949e+15 1749109785996017 1000
1.749109786009593e+15 1749109785996017 1000
1.749109786009853e+15 1749109785996017 1000
1.74910978601006e+15 1749109785996017 1000
1.749109786010411e+15 1749109785996017 1000
1.749109786010423e+15 1749109785996017 1000
1.74910978601051e+15 1749109785996017 1000
1.749109786010762e+15 1749109785996017 1000
1.749109786011021e+15 1749109785996017 1000
1.749109786011289e+15 1749109785996017 1000
1.749109786011639e+15 1749109785996017 1000
1.749109786011923e+15 1749109785996017 1000
1.749109786012279e+15 1749109785996017 1000
1.749109786012518e+15 1749109785996017 1000
1.74910978601283e+15 1749109785996017 1000
1.74910978601321e+15 1749109785996017 1000
1.749109786013545e+15 1749109785996017 1000
1.749109786013977e+15 1749109785996017 1000
1.749109786013983e+15 1749109785996017 1000
1.749109786014226e+15 1749109785996017 1000
1.749109786014534e+15 1749109785996017 1000
1.74910978601482e+15 1749109785996017 1000
1.749109786015106e+15 1749109785996017 1000
1.749109786015342e+15 1749109785996017 1000
1.74910978601557e+15 1749109785996017 1000
1.749109786015644e+15 1749109785996017 1000
1.749109786015714e+15 1749109785996017 1000
1.74910978601579e+15 1749109785996017 1000
1.749109786015894e+15 1749109785996017 1000
1.74910978601601e+15 1749109785996017 1000
1.749109786016093e+15 1749109785996017 1000
1.749109786016177e+15 1749109785996017 1000
1.74910978601628e+15 1749109785996017 1000
1.749109786016439e+15 1749109785996017 1000
1.749109786016512e+15 1749109785996017 1000
1.749109786016613e+15 1749109785996017 1000
1.749109786016747e+15 1749109785996017 1000
1.749109786016817e+15 1749109785996017 1000
1.749109786016999e+15 1749109785996017 1000
1.749109786017115e+15 1749109785996017 1000
1.749109786017249e+15 1749109785996017 1000
1.74910978601732e+15 1749109785996017 1000
1.749109786017393e+15 1749109785996017 1000
1.74910978601747e+15 1749109785996017 1000
1.749109786017572e+15 1749109785996017 1000
1.749109786017725e+15 1749109785996017 1000
1.749109786017893e+15 1749109785996017 1000
1.749109786017998e+15 1749109785996017 1000
1.749109786018074e+15 1749109785996017 1000
1.749109786018151e+15 1749109785996017 1000
1.749109786018222e+15 1749109785996017 1000
1.749109786018299e+15 1749109785996017 1000
1.749109786045845e+15 1749109786045842 1000
1.749109786046297e+15 1749109786045842 1000
1.74910978604821e+15 1749109786045842 1000
1.749109786048868e+15 1749109786045842 1000
1.74910978604925e+15 1749109786045842 1000
1.749109786050715e+15 1749109786045842 1000
1.749109786051209e+15 1749109786045842 1000
1.749109786051517e+15 1749109786045842 1000
1.749109786051585e+15 1749109786045842 1000
1.749109786053046e+15 1749109786045842 1000
1.749109786053836e+15 1749109786045842 1000
1.74910978605431e+15 1749109786045842 1000
1.749109786055504e+15 1749109786045842 1000
1.749109786056583e+15 1749109786045842 1000
1.749109786056659e+15 1749109786045842 1000
1.749109786057512e+15 1749109786045842 1000
1.749109786058039e+15 1749109786045842 1000
1.749109786058543e+15 1749109786045842 1000
1.749109786058824e+15 1749109786045842 1000
1.749109786060599e+15 1749109786045842 1000
1.749109786061533e+15 1749109786045842 1000
1.749109786062595e+15 1749109786045842 1000
1.749109786063557e+15 1749109786045842 1000
1.749109786063718e+15 1749109786045842 1000
1.749109786064184e+15 1749109786045842 1000
1.749109786064332e+15 1749109786045842 1000
1.749109786064345e+15 1749109786045842 1000
1.749109786064598e+15 1749109786045842 1000
1.749109786064846e+15 1749109786045842 1000
1.749109786065291e+15 1749109786045842 1000
1.749109786066561e+15 1749109786045842 1000
1.749109786067001e+15 1749109786045842 1000
1.749109786067012e+15 1749109786045842 1000
1.749109786067416e+15 1749109786045842 1000
1.749109786067636e+15 1749109786045842 1000
1.749109786067968e+15 1749109786045842 1000
1.749109786068154e+15 1749109786045842 1000
1.74910978606823e+15 1749109786045842 1000
1.749109786068485e+15 1749109786045842 1000
1.749109786068794e+15 1749109786045842 1000
1.749109786069049e+15 1749109786045842 1000
1.749109786069059e+15 1749109786045842 1000
1.749109786069436e+15 1749109786045842 1000
1.749109786069652e+15 1749109786045842 1000
1.749109786069858e+15 1749109786045842 1000
1.749109786070101e+15 1749109786045842 1000
1.749109786070365e+15 1749109786045842 1000
1.74910978607046e+15 1749109786045842 1000
1.749109786070671e+15 1749109786045842 1000
1.749109786070899e+15 1749109786045842 1000
1.749109786070995e+15 1749109786045842 1000
1.749109786071132e+15 1749109786045842 1000
1.749109786071143e+15 1749109786045842 1000
1.749109786071232e+15 1749109786045842 1000
1.749109786071296e+15 1749109786045842 1000
1.749109786071369e+15 1749109786045842 1000
1.749109786071499e+15 1749109786045842 1000
1.749109786071509e+15 1749109786045842 1000
1.749109786071565e+15 1749109786045842 1000
1.749109786071608e+15 1749109786045842 1000
1.749109786071693e+15 1749109786045842 1000
1.749109786071755e+15 1749109786045842 1000
1.749109786072028e+15 1749109786045842 1000
1.74910978607213e+15 1749109786045842 1000
1.74910978607224e+15 1749109786045842 1000
1.749109786072379e+15 1749109786045842 1000
1.749109786072386e+15 1749109786045842 1000
1.749109786072459e+15 1749109786045842 1000
1.749109786072499e+15 1749109786045842 1000
1.749109786072565e+15 1749109786045842 1000
1.749109786072648e+15 1749109786045842 1000
1.749109786072719e+15 1749109786045842 1000
1.7491097860728e+15 1749109786045842 1000
1.74910978607289e+15 1749109786045842 1000
1.749109786072937e+15 1749109786045842 1000
1.749109786073041e+15 1749109786045842 1000
1.749109786073093e+15 1749109786045842 1000
1.74910978607316e+15 1749109786045842 1000
1.749109786073305e+15 1749109786045842 1000
1.749109786073316e+15 1749109786045842 1000
1.749109786073375e+15 1749109786045842 1000
1.749109786073498e+15 1749109786045842 1000
1.749109786073508e+15 1749109786045842 1000
1.749109786073554e+15 1749109786045842 1000
1.74910978607362e+15 1749109786045842 1000
1.749109786073698e+15 1749109786045842 1000
1.749109786073769e+15 1749109786045842 1000
1.749109786073897e+15 1749109786045842 1000
1.749109786073908e+15 1749109786045842 1000
1.749109786073981e+15 1749109786045842 1000
1.749109786074072e+15 1749109786045842 1000
1.749109786074185e+15 1749109786045842 1000
1.749109786074197e+15 1749109786045842 1000
1.749109786074275e+15 1749109786045842 1000
1.749109786074338e+15 1749109786045842 1000
1.74910978607442e+15 1749109786045842 1000
1.749109786074529e+15 1749109786045842 1000
1.749109786074537e+15 1749109786045842 1000
1.749109786074603e+15 1749109786045842 1000
1.749109786074674e+15 1749109786045842 1000
1.74910978607475e+15 1749109786045842 1000
1.749109786074838e+15 1749109786045842 1000
1.749109786074908e+15 1749109786045842 1000
1.749109786075043e+15 1749109786045842 1000
1.749109786075054e+15 1749109786045842 1000
1.749109786075131e+15 1749109786045842 1000
1.749109786075184e+15 1749109786045842 1000
1.749109786075256e+15 1749109786045842 1000
1.749109786075371e+15 1749109786045842 1000
1.749109786075382e+15 1749109786045842 1000
1.749109786075496e+15 1749109786045842 1000
1.749109786075506e+15 1749109786045842 1000
1.749109786075635e+15 1749109786045842 1000
1.749109786075701e+15 1749109786045842 1000
1.749109786075744e+15 1749109786045842 1000
1.749109786075902e+15 1749109786045842 1000
1.749109786075944e+15 1749109786045842 1000
1.749109786075954e+15 1749109786045842 1000
1.749109786076187e+15 1749109786045842 1000
1.749109786076198e+15 1749109786045842 1000
1.74910978607628e+15 1749109786045842 1000
1.749109786095601e+15 1749109786095587 1000
1.749109786095932e+15 1749109786095587 1000
1.749109786096083e+15 1749109786095587 1000
1.749109786096096e+15 1749109786095587 1000
1.749109786096174e+15 1749109786095587 1000
1.749109786096243e+15 1749109786095587 1000
1.749109786096525e+15 1749109786095587 1000
1.749109786096531e+15 1749109786095587 1000
1.749109786096663e+15 1749109786095587 1000
1.749109786096753e+15 1749109786095587 1000
1.749109786097017e+15 1749109786095587 1000
1.749109786097026e+15 1749109786095587 1000
1.749109786097197e+15 1749109786095587 1000
1.749109786097268e+15 1749109786095587 1000
1.749109786097345e+15 1749109786095587 1000
1.749109786097409e+15 1749109786095587 1000
1.749109786097495e+15 1749109786095587 1000
1.749109786097732e+15 1749109786095587 1000
1.749109786097861e+15 1749109786095587 1000
1.749109786097871e+15 1749109786095587 1000
1.749109786097926e+15 1749109786095587 1000
1.749109786098004e+15 1749109786095587 1000
1.749109786098078e+15 1749109786095587 1000
1.749109786098155e+15 1749109786095587 1000
1.749109786098235e+15 1749109786095587 1000
1.749109786098334e+15 1749109786095587 1000
1.749109786098421e+15 1749109786095587 1000
1.749109786098506e+15 1749109786095587 1000
1.749109786098619e+15 1749109786095587 1000
1.749109786098793e+15 1749109786095587 1000
1.749109786098805e+15 1749109786095587 1000
1.749109786098997e+15 1749109786095587 1000
1.749109786099008e+15 1749109786095587 1000
1.749109786099111e+15 1749109786095587 1000
1.749109786099324e+15 1749109786095587 1000
1.749109786099333e+15 1749109786095587 1000
1.74910978609948e+15 1749109786095587 1000
1.749109786099611e+15 1749109786095587 1000
1.749109786099621e+15 1749109786095587 1000
1.749109786099734e+15 1749109786095587 1000
1.749109786099778e+15 1749109786095587 1000
1.749109786099981e+15 1749109786095587 1000
1.749109786099994e+15 1749109786095587 1000
1.749109786100055e+15 1749109786095587 1000
1.749109786100108e+15 1749109786095587 1000
1.749109786100191e+15 1749109786095587 1000
1.749109786100256e+15 1749109786095587 1000
1.749109786100363e+15 1749109786095587 1000
1.749109786100435e+15 1749109786095587 1000
1.749109786100749e+15 1749109786095587 1000
1.749109786100953e+15 1749109786095587 1000
1.74910978610096e+15 1749109786095587 1000
1.749109786101023e+15 1749109786095587 1000
1.749109786101158e+15 1749109786095587 1000
1.749109786101382e+15 1749109786095587 1000
1.749109786101393e+15 1749109786095587 1000
1.749109786101512e+15 1749109786095587 1000
1.749109786101772e+15 1749109786095587 1000
1.749109786101785e+15 1749109786095587 1000
1.749109786101845e+15 1749109786095587 1000
1.749109786101924e+15 1749109786095587 1000
1.749109786101989e+15 1749109786095587 1000
1.749109786102071e+15 1749109786095587 1000
1.749109786102144e+15 1749109786095587 1000
1.74910978610222e+15 1749109786095587 1000
1.749109786102485e+15 1749109786095587 1000
1.749109786102592e+15 1749109786095587 1000
1.749109786102634e+15 1749109786095587 1000
1.74910978610272e+15 1749109786095587 1000
1.749109786102774e+15 1749109786095587 1000
1.749109786102926e+15 1749109786095587 1000
1.749109786102951e+15 1749109786095587 1000
1.749109786103128e+15 1749109786095587 1000
1.749109786103269e+15 1749109786095587 1000
1.749109786103542e+15 1749109786095587 1000
1.749109786103553e+15 1749109786095587 1000
1.74910978610372e+15 1749109786095587 1000
1.749109786103762e+15 1749109786095587 1000
1.749109786103905e+15 1749109786095587 1000
1.749109786103915e+15 1749109786095587 1000
1.749109786103992e+15 1749109786095587 1000
1.749109786104216e+15 1749109786095587 1000
1.749109786104548e+15 1749109786095587 1000
1.749109786104557e+15 1749109786095587 1000
1.749109786104597e+15 1749109786095587 1000
1.749109786104683e+15 1749109786095587 1000
1.749109786104748e+15 1749109786095587 1000
1.749109786104973e+15 1749109786095587 1000
1.749109786105035e+15 1749109786095587 1000
1.749109786105124e+15 1749109786095587 1000
1.749109786105529e+15 1749109786095587 1000
1.749109786105823e+15 1749109786095587 1000
1.749109786105834e+15 1749109786095587 1000
1.749109786106042e+15 1749109786095587 1000
1.749109786106051e+15 1749109786095587 1000
1.749109786106096e+15 1749109786095587 1000
1.749109786106352e+15 1749109786095587 1000
1.749109786106364e+15 1749109786095587 1000
1.749109786106562e+15 1749109786095587 1000
1.749109786106576e+15 1749109786095587 1000
1.749109786106638e+15 1749109786095587 1000
1.749109786106748e+15 1749109786095587 1000
1.749109786106805e+15 1749109786095587 1000
1.749109786106884e+15 1749109786095587 1000
1.749109786107056e+15 1749109786095587 1000
1.749109786107067e+15 1749109786095587 1000
1.749109786107141e+15 1749109786095587 1000
1.749109786107199e+15 1749109786095587 1000
1.749109786107354e+15 1749109786095587 1000
1.749109786107395e+15 1749109786095587 1000
1.74910978610747e+15 1749109786095587 1000
1.749109786107862e+15 1749109786095587 1000
1.749109786107874e+15 1749109786095587 1000
1.749109786108009e+15 1749109786095587 1000
1.749109786108072e+15 1749109786095587 1000
1.749109786108173e+15 1749109786095587 1000
1.749109786108249e+15 1749109786095587 1000
1.749109786108335e+15 1749109786095587 1000
1.74910978610847e+15 1749109786095587 1000
1.74910978610848e+15 1749109786095587 1000
1.749109786108541e+15 1749109786095587 1000
1.749109786108612e+15 1749109786095587 1000
1.749109786145614e+15 1749109786145603 1000
1.749109786145782e+15 1749109786145603 1000
1.749109786145934e+15 1749109786145603 1000
1.749109786145949e+15 1749109786145603 1000
1.749109786146333e+15 1749109786145603 1000
1.749109786146379e+15 1749109786145603 1000
1.749109786146464e+15 1749109786145603 1000
1.749109786146558e+15 1749109786145603 1000
1.749109786146747e+15 1749109786145603 1000
1.749109786146757e+15 1749109786145603 1000
1.749109786146869e+15 1749109786145603 1000
1.749109786146958e+15 1749109786145603 1000
1.749109786147262e+15 1749109786145603 1000
1.749109786147624e+15 1749109786145603 1000
1.749109786147629e+15 1749109786145603 1000
1.749109786147886e+15 1749109786145603 1000
1.749109786148042e+15 1749109786145603 1000
1.749109786148054e+15 1749109786145603 1000
1.74910978614828e+15 1749109786145603 1000
1.749109786148292e+15 1749109786145603 1000
1.749109786148448e+15 1749109786145603 1000
1.749109786148589e+15 1749109786145603 1000
1.749109786148598e+15 1749109786145603 1000
1.749109786148726e+15 1749109786145603 1000
1.749109786148733e+15 1749109786145603 1000
1.74910978614881e+15 1749109786145603 1000
1.749109786148882e+15 1749109786145603 1000
1.749109786149037e+15 1749109786145603 1000
1.749109786149144e+15 1749109786145603 1000
1.749109786149355e+15 1749109786145603 1000
1.749109786149424e+15 1749109786145603 1000
1.749109786149615e+15 1749109786145603 1000
1.749109786149927e+15 1749109786145603 1000
1.749109786149998e+15 1749109786145603 1000
1.749109786150064e+15 1749109786145603 1000
1.749109786150249e+15 1749109786145603 1000
1.749109786150366e+15 1749109786145603 1000
1.749109786150622e+15 1749109786145603 1000
1.749109786150634e+15 1749109786145603 1000
1.749109786150716e+15 1749109786145603 1000
1.749109786150779e+15 1749109786145603 1000
1.749109786151094e+15 1749109786145603 1000
1.749109786151104e+15 1749109786145603 1000
1.749109786151386e+15 1749109786145603 1000
1.749109786151461e+15 1749109786145603 1000
1.749109786151611e+15 1749109786145603 1000
1.749109786151669e+15 1749109786145603 1000
1.749109786151731e+15 1749109786145603 1000
1.749109786151878e+15 1749109786145603 1000
1.749109786151934e+15 1749109786145603 1000
1.74910978615204e+15 1749109786145603 1000
1.749109786152194e+15 1749109786145603 1000
1.749109786152206e+15 1749109786145603 1000
1.749109786152273e+15 1749109786145603 1000
1.749109786152373e+15 1749109786145603 1000
1.749109786152532e+15 1749109786145603 1000
1.749109786152696e+15 1749109786145603 1000
1.749109786152776e+15 1749109786145603 1000
1.749109786153153e+15 1749109786145603 1000
1.74910978615321e+15 1749109786145603 1000
1.749109786153283e+15 1749109786145603 1000
1.749109786153334e+15 1749109786145603 1000
1.749109786153548e+15 1749109786145603 1000
1.749109786153876e+15 1749109786145603 1000
1.749109786153887e+15 1749109786145603 1000
1.749109786153959e+15 1749109786145603 1000
1.749109786154092e+15 1749109786145603 1000
1.749109786154192e+15 1749109786145603 1000
1.7491097861542e+15 1749109786145603 1000
1.749109786154388e+15 1749109786145603 1000
1.749109786154444e+15 1749109786145603 1000
1.74910978615451e+15 1749109786145603 1000
1.749109786154615e+15 1749109786145603 1000
1.749109786154857e+15 1749109786145603 1000
1.749109786154969e+15 1749109786145603 1000
1.74910978615498e+15 1749109786145603 1000
1.749109786155042e+15 1749109786145603 1000
1.749109786155244e+15 1749109786145603 1000
1.749109786155327e+15 1749109786145603 1000
1.74910978615541e+15 1749109786145603 1000
1.749109786155572e+15 1749109786145603 1000
1.749109786155586e+15 1749109786145603 1000
1.749109786155705e+15 1749109786145603 1000
1.749109786155893e+15 1749109786145603 1000
1.749109786155959e+15 1749109786145603 1000
1.749109786156035e+15 1749109786145603 1000
1.749109786156095e+15 1749109786145603 1000
1.749109786156268e+15 1749109786145603 1000
1.749109786156515e+15 1749109786145603 1000
1.749109786156688e+15 1749109786145603 1000
1.749109786156842e+15 1749109786145603 1000
1.749109786156909e+15 1749109786145603 1000
1.749109786156985e+15 1749109786145603 1000
1.749109786157223e+15 1749109786145603 1000
1.749109786157565e+15 1749109786145603 1000
1.749109786157639e+15 1749109786145603 1000
1.749109786157714e+15 1749109786145603 1000
1.749109786157915e+15 1749109786145603 1000
1.749109786158079e+15 1749109786145603 1000
1.7491097861583e+15 1749109786145603 1000
1.749109786158388e+15 1749109786145603 1000
1.749109786158396e+15 1749109786145603 1000
1.749109786158533e+15 1749109786145603 1000
1.749109786158772e+15 1749109786145603 1000
1.749109786159111e+15 1749109786145603 1000
1.749109786159272e+15 1749109786145603 1000
1.749109786159356e+15 1749109786145603 1000
1.749109786159533e+15 1749109786145603 1000
1.74910978615979e+15 1749109786145603 1000
1.749109786159802e+15 1749109786145603 1000
1.749109786159858e+15 1749109786145603 1000
1.749109786160074e+15 1749109786145603 1000
1.749109786160224e+15 1749109786145603 1000
1.7491097861603e+15 1749109786145603 1000
1.749109786160409e+15 1749109786145603 1000
1.749109786160634e+15 1749109786145603 1000
1.749109786160772e+15 1749109786145603 1000
1.749109786160985e+15 1749109786145603 1000
1.749109786161188e+15 1749109786145603 1000
1.749109786161336e+15 1749109786145603 1000
1.749109786161426e+15 1749109786145603 1000
1.749109786161493e+15 1749109786145603 1000
1.749109786161719e+15 1749109786145603 1000
1.749109786161893e+15 1749109786145603 1000
1.749109786161946e+15 1749109786145603 1000
1.749109786162078e+15 1749109786145603 1000
1.749109786162185e+15 1749109786145603 1000
1.749109786195679e+15 1749109786195665 1000
1.749109786196063e+15 1749109786195665 1000
1.749109786196153e+15 1749109786195665 1000
1.749109786196469e+15 1749109786195665 1000
1.749109786196778e+15 1749109786195665 1000
1.749109786197038e+15 1749109786195665 1000
1.749109786197311e+15 1749109786195665 1000
1.749109786197585e+15 1749109786195665 1000
1.74910978619811e+15 1749109786195665 1000
1.749109786198192e+15 1749109786195665 1000
1.749109786198492e+15 1749109786195665 1000
1.749109786198503e+15 1749109786195665 1000
1.749109786198566e+15 1749109786195665 1000
1.749109786198629e+15 1749109786195665 1000
1.749109786198718e+15 1749109786195665 1000
1.749109786198913e+15 1749109786195665 1000
1.749109786199112e+15 1749109786195665 1000
1.749109786199318e+15 1749109786195665 1000
1.749109786199617e+15 1749109786195665 1000
1.749109786199855e+15 1749109786195665 1000
1.749109786199972e+15 1749109786195665 1000
1.749109786200211e+15 1749109786195665 1000
1.74910978620044e+15 1749109786195665 1000
1.749109786200705e+15 1749109786195665 1000
1.749109786201201e+15 1749109786195665 1000
1.749109786201401e+15 1749109786195665 1000
1.749109786201631e+15 1749109786195665 1000
1.749109786201917e+15 1749109786195665 1000
1.749109786202138e+15 1749109786195665 1000
1.749109786202456e+15 1749109786195665 1000
1.74910978620246e+15 1749109786195665 1000
1.74910978620271e+15 1749109786195665 1000
1.749109786202945e+15 1749109786195665 1000
1.74910978620318e+15 1749109786195665 1000
1.749109786203436e+15 1749109786195665 1000
1.749109786203705e+15 1749109786195665 1000
1.749109786203967e+15 1749109786195665 1000
1.749109786204179e+15 1749109786195665 1000
1.74910978620428e+15 1749109786195665 1000
1.749109786204504e+15 1749109786195665 1000
1.749109786204771e+15 1749109786195665 1000
1.749109786205021e+15 1749109786195665 1000
1.749109786205149e+15 1749109786195665 1000
1.749109786205321e+15 1749109786195665 1000
1.749109786205381e+15 1749109786195665 1000
1.749109786205467e+15 1749109786195665 1000
1.749109786205544e+15 1749109786195665 1000
1.749109786205703e+15 1749109786195665 1000
1.749109786205715e+15 1749109786195665 1000
1.749109786205773e+15 1749109786195665 1000
1.749109786205865e+15 1749109786195665 1000
1.749109786205929e+15 1749109786195665 1000
1.749109786206065e+15 1749109786195665 1000
1.749109786206077e+15 1749109786195665 1000
1.749109786206213e+15 1749109786195665 1000
1.749109786206224e+15 1749109786195665 1000
1.749109786206291e+15 1749109786195665 1000
1.749109786206354e+15 1749109786195665 1000
1.74910978620651e+15 1749109786195665 1000
1.749109786206519e+15 1749109786195665 1000
1.749109786206594e+15 1749109786195665 1000
1.749109786206779e+15 1749109786195665 1000
1.749109786206789e+15 1749109786195665 1000
1.749109786206855e+15 1749109786195665 1000
1.74910978620694e+15 1749109786195665 1000
1.749109786207035e+15 1749109786195665 1000
1.749109786207144e+15 1749109786195665 1000
1.749109786207231e+15 1749109786195665 1000
1.749109786207326e+15 1749109786195665 1000
1.749109786207815e+15 1749109786195665 1000
1.749109786207827e+15 1749109786195665 1000
1.749109786207884e+15 1749109786195665 1000
1.749109786207978e+15 1749109786195665 1000
1.749109786208079e+15 1749109786195665 1000
1.749109786208162e+15 1749109786195665 1000
1.749109786208261e+15 1749109786195665 1000
1.749109786208415e+15 1749109786195665 1000
1.749109786208513e+15 1749109786195665 1000
1.74910978620867e+15 1749109786195665 1000
1.749109786208792e+15 1749109786195665 1000
1.749109786208804e+15 1749109786195665 1000
1.749109786209022e+15 1749109786195665 1000
1.74910978620903e+15 1749109786195665 1000
1.749109786209146e+15 1749109786195665 1000
1.749109786209208e+15 1749109786195665 1000
1.749109786209277e+15 1749109786195665 1000
1.749109786209432e+15 1749109786195665 1000
1.749109786209496e+15 1749109786195665 1000
1.749109786209566e+15 1749109786195665 1000
1.749109786209654e+15 1749109786195665 1000
1.74910978621016e+15 1749109786195665 1000
1.74910978621017e+15 1749109786195665 1000
1.749109786210253e+15 1749109786195665 1000
1.749109786210344e+15 1749109786195665 1000
1.749109786210395e+15 1749109786195665 1000
1.749109786210678e+15 1749109786195665 1000
1.749109786210691e+15 1749109786195665 1000
1.749109786210751e+15 1749109786195665 1000
1.749109786210839e+15 1749109786195665 1000
1.749109786210958e+15 1749109786195665 1000
1.74910978621103e+15 1749109786195665 1000
1.749109786211151e+15 1749109786195665 1000
1.749109786211219e+15 1749109786195665 1000
1.749109786211336e+15 1749109786195665 1000
1.749109786211432e+15 1749109786195665 1000
1.749109786211534e+15 1749109786195665 1000
1.749109786211664e+15 1749109786195665 1000
1.749109786211743e+15 1749109786195665 1000
1.749109786211797e+15 1749109786195665 1000
1.749109786212013e+15 1749109786195665 1000
1.749109786212023e+15 1749109786195665 1000
1.749109786212086e+15 1749109786195665 1000
1.749109786212173e+15 1749109786195665 1000
1.749109786212253e+15 1749109786195665 1000
1.749109786212617e+15 1749109786195665 1000
1.749109786212623e+15 1749109786195665 1000
1.749109786212752e+15 1749109786195665 1000
1.749109786213068e+15 1749109786195665 1000
1.749109786213073e+15 1749109786195665 1000
1.749109786213151e+15 1749109786195665 1000
1.749109786213209e+15 1749109786195665 1000
1.74910978621337e+15 1749109786195665 1000
1.74910978621344e+15 1749109786195665 1000
1.749109786213825e+15 1749109786195665 1000
1.749109786213835e+15 1749109786195665 1000
1.749109786213887e+15 1749109786195665 1000
1.749109786213992e+15 1749109786195665 1000
1.749109786214085e+15 1749109786195665 1000
1.749109786214222e+15 1749109786195665 1000
1.749109786214295e+15 1749109786195665 1000
1.749109786214359e+15 1749109786195665 1000
1.749109786214569e+15 1749109786195665 1000
1.749109786245164e+15 1749109786245153 1000
1.749109786245373e+15 1749109786245153 1000
1.749109786245447e+15 1749109786245153 1000
1.749109786245556e+15 1749109786245153 1000
1.749109786245606e+15 1749109786245153 1000
1.749109786245688e+15 1749109786245153 1000
1.74910978624577e+15 1749109786245153 1000
1.749109786245946e+15 1749109786245153 1000
1.749109786245957e+15 1749109786245153 1000
1.749109786245998e+15 1749109786245153 1000
1.749109786246073e+15 1749109786245153 1000
1.749109786246617e+15 1749109786245153 1000
1.74910978624675e+15 1749109786245153 1000
1.749109786246986e+15 1749109786245153 1000
1.749109786246998e+15 1749109786245153 1000
1.749109786247038e+15 1749109786245153 1000
1.749109786247144e+15 1749109786245153 1000
1.749109786247216e+15 1749109786245153 1000
1.749109786247329e+15 1749109786245153 1000
1.749109786247384e+15 1749109786245153 1000
1.749109786247471e+15 1749109786245153 1000
1.749109786247541e+15 1749109786245153 1000
1.749109786247635e+15 1749109786245153 1000
1.749109786247865e+15 1749109786245153 1000
1.749109786247972e+15 1749109786245153 1000
1.749109786248101e+15 1749109786245153 1000
1.749109786248122e+15 1749109786245153 1000
1.749109786248176e+15 1749109786245153 1000
1.749109786248299e+15 1749109786245153 1000
1.749109786248433e+15 1749109786245153 1000
1.749109786248551e+15 1749109786245153 1000
1.749109786248561e+15 1749109786245153 1000
1.749109786248681e+15 1749109786245153 1000
1.749109786248985e+15 1749109786245153 1000
1.749109786248997e+15 1749109786245153 1000
1.749109786249092e+15 1749109786245153 1000
1.749109786249269e+15 1749109786245153 1000
1.74910978624928e+15 1749109786245153 1000
1.749109786249399e+15 1749109786245153 1000
1.749109786249408e+15 1749109786245153 1000
1.749109786249474e+15 1749109786245153 1000
1.74910978624955e+15 1749109786245153 1000
1.749109786249686e+15 1749109786245153 1000
1.749109786249734e+15 1749109786245153 1000
1.749109786249795e+15 1749109786245153 1000
1.749109786249917e+15 1749109786245153 1000
1.749109786250049e+15 1749109786245153 1000
1.749109786250062e+15 1749109786245153 1000
1.749109786250153e+15 1749109786245153 1000
1.749109786250283e+15 1749109786245153 1000
1.749109786250295e+15 1749109786245153 1000
1.749109786250358e+15 1749109786245153 1000
1.749109786250431e+15 1749109786245153 1000
1.749109786250681e+15 1749109786245153 1000
1.749109786250858e+15 1749109786245153 1000
1.749109786250862e+15 1749109786245153 1000
1.749109786250914e+15 1749109786245153 1000
1.749109786251053e+15 1749109786245153 1000
1.749109786251127e+15 1749109786245153 1000
1.749109786251214e+15 1749109786245153 1000
1.749109786251292e+15 1749109786245153 1000
1.749109786251407e+15 1749109786245153 1000
1.749109786251468e+15 1749109786245153 1000
1.749109786251517e+15 1749109786245153 1000
1.749109786251627e+15 1749109786245153 1000
1.749109786251681e+15 1749109786245153 1000
1.749109786251765e+15 1749109786245153 1000
1.749109786251828e+15 1749109786245153 1000
1.749109786252156e+15 1749109786245153 1000
1.749109786252165e+15 1749109786245153 1000
1.749109786252361e+15 1749109786245153 1000
1.749109786252373e+15 1749109786245153 1000
1.749109786252433e+15 1749109786245153 1000
1.74910978625252e+15 1749109786245153 1000
1.749109786252588e+15 1749109786245153 1000
1.749109786252716e+15 1749109786245153 1000
1.749109786252824e+15 1749109786245153 1000
1.74910978625284e+15 1749109786245153 1000
1.749109786252969e+15 1749109786245153 1000
1.749109786252984e+15 1749109786245153 1000
1.749109786253055e+15 1749109786245153 1000
1.749109786253124e+15 1749109786245153 1000
1.749109786253248e+15 1749109786245153 1000
1.749109786253258e+15 1749109786245153 1000
1.749109786253324e+15 1749109786245153 1000
1.749109786253451e+15 1749109786245153 1000
1.749109786253462e+15 1749109786245153 1000
1.74910978625353e+15 1749109786245153 1000
1.7491097862537e+15 1749109786245153 1000
1.749109786253706e+15 1749109786245153 1000
1.749109786253872e+15 1749109786245153 1000
1.749109786253883e+15 1749109786245153 1000
1.749109786253951e+15 1749109786245153 1000
1.749109786254038e+15 1749109786245153 1000
1.749109786254098e+15 1749109786245153 1000
1.749109786254171e+15 1749109786245153 1000
1.749109786254253e+15 1749109786245153 1000
1.74910978625431e+15 1749109786245153 1000
1.749109786254409e+15 1749109786245153 1000
1.749109786254533e+15 1749109786245153 1000
1.749109786254544e+15 1749109786245153 1000
1.749109786254603e+15 1749109786245153 1000
1.749109786254701e+15 1749109786245153 1000
1.749109786254748e+15 1749109786245153 1000
1.749109786254825e+15 1749109786245153 1000
1.749109786254934e+15 1749109786245153 1000
1.749109786255003e+15 1749109786245153 1000
1.74910978625507e+15 1749109786245153 1000
1.749109786255151e+15 1749109786245153 1000
1.749109786255236e+15 1749109786245153 1000
1.749109786255308e+15 1749109786245153 1000
1.749109786255388e+15 1749109786245153 1000
1.749109786255466e+15 1749109786245153 1000
1.749109786255573e+15 1749109786245153 1000
1.749109786255613e+15 1749109786245153 1000
1.749109786255714e+15 1749109786245153 1000
1.749109786255754e+15 1749109786245153 1000
1.749109786295585e+15 1749109786295570 1000
1.749109786295851e+15 1749109786295570 1000
1.749109786295867e+15 1749109786295570 1000
1.749109786296e+15 1749109786295570 1000
1.749109786296015e+15 1749109786295570 1000
1.749109786296087e+15 1749109786295570 1000
1.74910978629621e+15 1749109786295570 1000
1.749109786296437e+15 1749109786295570 1000
1.749109786296452e+15 1749109786295570 1000
1.749109786296599e+15 1749109786295570 1000
1.749109786296648e+15 1749109786295570 1000
1.749109786296789e+15 1749109786295570 1000
1.74910978629694e+15 1749109786295570 1000
1.749109786297203e+15 1749109786295570 1000
1.749109786297215e+15 1749109786295570 1000
1.749109786297315e+15 1749109786295570 1000
1.749109786297504e+15 1749109786295570 1000
1.749109786297584e+15 1749109786295570 1000
1.749109786297651e+15 1749109786295570 1000
1.749109786297728e+15 1749109786295570 1000
1.749109786297937e+15 1749109786295570 1000
1.749109786298168e+15 1749109786295570 1000
1.749109786298393e+15 1749109786295570 1000
1.749109786298446e+15 1749109786295570 1000
1.749109786298539e+15 1749109786295570 1000
1.749109786298732e+15 1749109786295570 1000
1.749109786298983e+15 1749109786295570 1000
1.749109786299355e+15 1749109786295570 1000
1.749109786299358e+15 1749109786295570 1000
1.749109786299409e+15 1749109786295570 1000
1.74910978629972e+15 1749109786295570 1000
1.74910978629978e+15 1749109786295570 1000
1.749109786299913e+15 1749109786295570 1000
1.749109786300029e+15 1749109786295570 1000
1.749109786300164e+15 1749109786295570 1000
1.749109786300368e+15 1749109786295570 1000
1.749109786300486e+15 1749109786295570 1000
1.749109786300567e+15 1749109786295570 1000
1.749109786300768e+15 1749109786295570 1000
1.749109786300945e+15 1749109786295570 1000
1.749109786301092e+15 1749109786295570 1000
1.74910978630115e+15 1749109786295570 1000
1.749109786301334e+15 1749109786295570 1000
1.749109786301658e+15 1749109786295570 1000
1.749109786301735e+15 1749109786295570 1000
1.749109786301817e+15 1749109786295570 1000
1.749109786302022e+15 1749109786295570 1000
1.749109786302107e+15 1749109786295570 1000
1.749109786302213e+15 1749109786295570 1000
1.74910978630255e+15 1749109786295570 1000
1.749109786302562e+15 1749109786295570 1000
1.749109786302619e+15 1749109786295570 1000
1.749109786302701e+15 1749109786295570 1000
1.749109786302852e+15 1749109786295570 1000
1.749109786302945e+15 1749109786295570 1000
1.749109786303265e+15 1749109786295570 1000
1.749109786303321e+15 1749109786295570 1000
1.749109786303332e+15 1749109786295570 1000
1.749109786303403e+15 1749109786295570 1000
1.749109786303456e+15 1749109786295570 1000
1.749109786303619e+15 1749109786295570 1000
1.749109786303879e+15 1749109786295570 1000
1.74910978630424e+15 1749109786295570 1000
1.749109786304626e+15 1749109786295570 1000
1.749109786304681e+15 1749109786295570 1000
1.749109786304852e+15 1749109786295570 1000
1.749109786305071e+15 1749109786295570 1000
1.749109786305213e+15 1749109786295570 1000
1.74910978630529e+15 1749109786295570 1000
1.74910978630537e+15 1749109786295570 1000
1.749109786305546e+15 1749109786295570 1000
1.749109786305733e+15 1749109786295570 1000
1.749109786305955e+15 1749109786295570 1000
1.74910978630596e+15 1749109786295570 1000
1.749109786306101e+15 1749109786295570 1000
1.749109786306309e+15 1749109786295570 1000
1.749109786306396e+15 1749109786295570 1000
1.749109786306504e+15 1749109786295570 1000
1.749109786306673e+15 1749109786295570 1000
1.74910978630686e+15 1749109786295570 1000
1.749109786306958e+15 1749109786295570 1000
1.749109786307049e+15 1749109786295570 1000
1.749109786307222e+15 1749109786295570 1000
1.749109786307404e+15 1749109786295570 1000
1.749109786307523e+15 1749109786295570 1000
1.7491097863076e+15 1749109786295570 1000
1.74910978630784e+15 1749109786295570 1000
1.749109786307965e+15 1749109786295570 1000
1.749109786308079e+15 1749109786295570 1000
1.749109786308155e+15 1749109786295570 1000
1.749109786308478e+15 1749109786295570 1000
1.749109786308535e+15 1749109786295570 1000
1.749109786308702e+15 1749109786295570 1000
1.749109786308927e+15 1749109786295570 1000
1.749109786309122e+15 1749109786295570 1000
1.749109786309182e+15 1749109786295570 1000
1.749109786309251e+15 1749109786295570 1000
1.749109786309428e+15 1749109786295570 1000
1.749109786309644e+15 1749109786295570 1000
1.749109786309784e+15 1749109786295570 1000
1.74910978630995e+15 1749109786295570 1000
1.749109786310018e+15 1749109786295570 1000
1.749109786310186e+15 1749109786295570 1000
1.74910978631038e+15 1749109786295570 1000
1.74910978631047e+15 1749109786295570 1000
1.749109786310552e+15 1749109786295570 1000
1.749109786310815e+15 1749109786295570 1000
1.749109786311216e+15 1749109786295570 1000
1.749109786311226e+15 1749109786295570 1000
1.749109786311284e+15 1749109786295570 1000
1.749109786311438e+15 1749109786295570 1000
1.74910978631149e+15 1749109786295570 1000
1.749109786311564e+15 1749109786295570 1000
1.749109786311618e+15 1749109786295570 1000
1.749109786311759e+15 1749109786295570 1000
1.749109786311999e+15 1749109786295570 1000
1.749109786312007e+15 1749109786295570 1000
1.749109786312065e+15 1749109786295570 1000
1.749109786312143e+15 1749109786295570 1000
1.749109786312271e+15 1749109786295570 1000
1.749109786312488e+15 1749109786295570 1000
1.749109786312517e+15 1749109786295570 1000
1.749109786312585e+15 1749109786295570 1000
1.749109786312665e+15 1749109786295570 1000
1.749109786312742e+15 1749109786295570 1000
1.749109786312826e+15 1749109786295570 1000
1.749109786312912e+15 1749109786295570 1000
1.749109786313024e+15 1749109786295570 1000
1.749109786313367e+15 1749109786295570 1000
1.749109786313374e+15 1749109786295570 1000
1.749109786313446e+15 1749109786295570 1000
1.749109786346064e+15 1749109786346058 1000
1.749109786346389e+15 1749109786346058 1000
1.749109786346639e+15 1749109786346058 1000
1.749109786346957e+15 1749109786346058 1000
1.749109786347129e+15 1749109786346058 1000
1.749109786347307e+15 1749109786346058 1000
1.749109786347319e+15 1749109786346058 1000
1.749109786347462e+15 1749109786346058 1000
1.749109786347547e+15 1749109786346058 1000
1.749109786347624e+15 1749109786346058 1000
1.749109786347672e+15 1749109786346058 1000
1.749109786347806e+15 1749109786346058 1000
1.749109786347817e+15 1749109786346058 1000
1.74910978634789e+15 1749109786346058 1000
1.749109786348007e+15 1749109786346058 1000
1.749109786348019e+15 1749109786346058 1000
1.749109786348056e+15 1749109786346058 1000
1.749109786348177e+15 1749109786346058 1000
1.749109786348194e+15 1749109786346058 1000
1.74910978634825e+15 1749109786346058 1000
