1749049951196370	1000
1749049951196441	1000
1749049951196570	1000
1749049951196715	1000
1749049951196731	1000
1749049951196824	1000
1749049951196950	1000
1749049951196957	1000
1749049951197005	1000
1749049951197104	1000
1749049951197261	1000
1749049951197267	1000
1749049951197371	1000
1749049951197425	1000
1749049951197486	1000
1749049951197567	1000
1749049951197680	1000
1749049951197741	1000
1749049951197809	1000
1749049951197936	1000
1749049951198052	1000
1749049951198098	1000
1749049951198239	1000
1749049951198243	1000
1749049951198378	1000
1749049951198412	1000
1749049951198472	1000
1749049951198551	1000
1749049951198626	1000
1749049951198663	1000
1749049951198693	1000
1749049951198764	1000
1749049951198848	1000
1749049951198987	1000
1749049951198993	1000
1749049951199033	1000
1749049951199103	1000
1749049951199180	1000
1749049951199300	1000
1749049951199307	1000
1749049951199341	1000
1749049951199456	1000
1749049951199468	1000
1749049951199534	1000
1749049951199566	1000
1749049951199647	1000
1749049951199683	1000
1749049951199758	1000
1749049951199795	1000
1749049951199927	1000
1749049951200010	1000
1749049951200017	1000
1749049951200113	1000
1749049951200237	1000
1749049951200245	1000
1749049951200333	1000
1749049951200362	1000
1749049951200428	1000
1749049951200463	1000
1749049951200538	1000
1749049951200569	1000
1749049951200638	1000
1749049951200680	1000
1749049951200736	1000
1749049951200851	1000
1749049951200859	1000
1749049951200937	1000
1749049951200993	1000
1749049951201057	1000
1749049951201071	1000
1749049951201125	1000
1749049951201194	1000
1749049951201246	1000
1749049951201287	1000
1749049951201418	1000
1749049951201456	1000
1749049951201555	1000
1749049951201562	1000
1749049951201601	1000
1749049951201701	1000
1749049951201708	1000
1749049951201832	1000
1749049951201837	1000
1749049951201916	1000
1749049951201925	1000
1749049951202002	1000
1749049951202170	1000
1749049951202174	1000
1749049951202211	1000
1749049951202285	1000
1749049951202319	1000
1749049951202388	1000
1749049951202467	1000
1749049951202550	1000
1749049951202600	1000
1749049951202737	1000
1749049951202753	1000
1749049951202803	1000
1749049951202845	1000
1749049951202903	1000
1749049951202937	1000
1749049951202985	1000
1749049951203047	1000
1749049951203210	1000
1749049951203219	1000
1749049951203272	1000
1749049951203329	1000
1749049951203434	1000
1749049951203500	1000
1749049951203547	1000
1749049951203642	1000
1749049951203653	1000
1749049951203754	1000
1749049951203771	1000
1749049951203831	1000
1749049951203894	1000
1749049951203953	1000
1749049951204116	1000
1749049951204122	1000
1749049951204175	1000
1749049951204270	1000
1749049951204320	1000
1749049951204406	1000
1749049951204634	1000
1749049951204657	1000
1749049951204705	1000
1749049951204769	1000
1749049951204855	1000
1749049951204908	1000
1749049951204953	1000
1749049951205012	1000
1749049951205080	1000
1749049951205217	1000
1749049951205224	1000
1749049951205261	1000
1749049951205394	1000
1749049951205404	1000
1749049951205460	1000
1749049951205508	1000
1749049951205573	1000
1749049951205658	1000
1749049951205692	1000
1749049951205782	1000
1749049951205825	1000
1749049951205892	1000
1749049951205945	1000
1749049951206031	1000
1749049951206060	1000
1749049951206138	1000
1749049951206178	1000
1749049951206254	1000
1749049951206315	1000
1749049951206390	1000
1749049951206452	1000
1749049951206490	1000
1749049951206560	1000
1749049951206603	1000
1749049951206754	1000
1749049951206761	1000
1749049951206840	1000
1749049951206846	1000
1749049951206973	1000
1749049951206982	1000
1749049951207096	1000
1749049951207110	1000
1749049951207147	1000
1749049951207228	1000
1749049951245686	1000
1749049951245754	1000
1749049951245998	1000
1749049951246006	1000
1749049951246086	1000
1749049951246185	1000
1749049951246308	1000
1749049951246318	1000
1749049951246385	1000
1749049951246464	1000
1749049951246471	1000
1749049951246574	1000
1749049951246608	1000
1749049951246662	1000
1749049951246799	1000
1749049951246809	1000
1749049951246861	1000
1749049951247000	1000
1749049951247007	1000
1749049951247065	1000
1749049951247223	1000
1749049951247229	1000
1749049951247285	1000
1749049951247324	1000
1749049951247385	1000
1749049951247451	1000
1749049951247525	1000
1749049951247597	1000
1749049951247736	1000
1749049951247861	1000
1749049951247866	1000
1749049951247896	1000
1749049951248042	1000
1749049951248052	1000
1749049951248149	1000
1749049951248155	1000
1749049951248210	1000
1749049951248273	1000
1749049951248351	1000
1749049951248428	1000
1749049951248457	1000
1749049951248510	1000
1749049951248591	1000
1749049951248700	1000
1749049951248711	1000
1749049951248784	1000
1749049951248850	1000
1749049951248971	1000
1749049951248975	1000
1749049951249089	1000
1749049951249096	1000
1749049951249197	1000
1749049951249205	1000
1749049951249261	1000
1749049951249305	1000
1749049951249372	1000
1749049951249445	1000
1749049951249489	1000
1749049951249566	1000
1749049951249613	1000
1749049951249669	1000
1749049951249730	1000
1749049951249865	1000
1749049951249870	1000
1749049951249917	1000
1749049951250001	1000
1749049951250092	1000
1749049951250103	1000
1749049951250167	1000
1749049951250204	1000
1749049951250335	1000
1749049951250392	1000
1749049951250468	1000
1749049951250598	1000
1749049951250604	1000
1749049951250731	1000
1749049951250793	1000
1749049951250808	1000
1749049951250860	1000
1749049951250971	1000
1749049951250978	1000
1749049951251016	1000
1749049951251063	1000
1749049951251122	1000
1749049951251249	1000
1749049951251256	1000
1749049951251297	1000
1749049951251340	1000
1749049951251383	1000
1749049951251464	1000
1749049951251547	1000
1749049951251611	1000
1749049951251756	1000
1749049951251761	1000
1749049951251821	1000
1749049951251885	1000
1749049951252024	1000
1749049951252028	1000
1749049951252106	1000
1749049951252170	1000
1749049951252309	1000
1749049951252313	1000
1749049951252472	1000
1749049951252579	1000
1749049951252583	1000
1749049951252699	1000
1749049951252705	1000
1749049951252779	1000
1749049951252807	1000
1749049951252885	1000
1749049951252961	1000
1749049951253013	1000
1749049951253056	1000
1749049951253106	1000
1749049951253184	1000
1749049951253237	1000
1749049951253313	1000
1749049951253351	1000
1749049951253428	1000
1749049951253473	1000
1749049951253546	1000
1749049951253655	1000
1749049951253671	1000
1749049951253794	1000
1749049951253797	1000
1749049951253926	1000
1749049951253957	1000
1749049951253999	1000
1749049951254051	1000
1749049951254179	1000
1749049951254186	1000
1749049951254257	1000
1749049951254317	1000
1749049951254411	1000
1749049951254415	1000
1749049951254474	1000
1749049951254550	1000
1749049951254602	1000
1749049951254648	1000
1749049951254775	1000
1749049951254781	1000
1749049951254874	1000
1749049951254881	1000
1749049951254948	1000
1749049951255009	1000
1749049951255118	1000
1749049951255176	1000
1749049951255287	1000
1749049951255294	1000
1749049951255424	1000
1749049951255431	1000
1749049951255491	1000
1749049951255536	1000
1749049951255603	1000
1749049951255689	1000
1749049951255746	1000
1749049951255796	1000
1749049951255852	1000
1749049951255927	1000
1749049951255964	1000
1749049951295944	1000
1749049951295978	1000
1749049951296216	1000
1749049951296276	1000
1749049951296372	1000
1749049951296450	1000
1749049951296534	1000
1749049951296606	1000
1749049951296687	1000
1749049951296737	1000
1749049951296851	1000
1749049951296856	1000
1749049951296985	1000
1749049951296993	1000
1749049951297082	1000
1749049951297090	1000
1749049951297138	1000
1749049951297220	1000
1749049951297364	1000
1749049951297455	1000
1749049951297462	1000
1749049951297521	1000
1749049951297562	1000
1749049951297672	1000
1749049951297690	1000
1749049951297772	1000
1749049951297778	1000
1749049951297915	1000
1749049951297933	1000
1749049951298039	1000
1749049951298046	1000
1749049951298150	1000
1749049951298251	1000
1749049951298258	1000
1749049951298324	1000
1749049951298359	1000
1749049951298399	1000
1749049951298458	1000
1749049951298514	1000
1749049951298566	1000
1749049951298668	1000
1749049951298676	1000
1749049951298807	1000
1749049951298865	1000
1749049951298976	1000
1749049951299085	1000
1749049951299103	1000
1749049951299206	1000
1749049951299214	1000
1749049951299328	1000
1749049951299335	1000
1749049951299409	1000
1749049951299460	1000
1749049951299507	1000
1749049951299603	1000
1749049951299610	1000
1749049951299684	1000
1749049951299764	1000
1749049951299838	1000
1749049951299883	1000
1749049951299939	1000
1749049951300028	1000
1749049951300086	1000
1749049951300151	1000
1749049951300194	1000
1749049951300286	1000
1749049951300340	1000
1749049951300496	1000
1749049951300551	1000
1749049951300557	1000
1749049951300596	1000
1749049951300658	1000
1749049951300799	1000
1749049951300849	1000
1749049951300986	1000
1749049951300993	1000
1749049951301047	1000
1749049951301121	1000
1749049951301160	1000
1749049951301219	1000
1749049951301274	1000
1749049951301420	1000
1749049951301428	1000
1749049951301485	1000
1749049951301546	1000
1749049951301618	1000
1749049951301671	1000
1749049951301751	1000
1749049951301805	1000
1749049951301852	1000
1749049951301993	1000
1749049951302001	1000
1749049951302101	1000
1749049951302106	1000
1749049951302167	1000
1749049951302213	1000
1749049951302351	1000
1749049951302358	1000
1749049951302423	1000
1749049951302484	1000
1749049951302528	1000
1749049951302631	1000
1749049951302670	1000
1749049951302733	1000
1749049951302830	1000
1749049951302840	1000
1749049951302929	1000
1749049951303268	1000
1749049951303654	1000
1749049951303743	1000
1749049951303830	1000
1749049951303957	1000
1749049951303967	1000
1749049951304011	1000
1749049951304063	1000
1749049951304151	1000
1749049951304259	1000
1749049951304265	1000
1749049951304301	1000
1749049951304373	1000
1749049951304460	1000
1749049951304552	1000
1749049951304569	1000
1749049951304613	1000
1749049951304667	1000
1749049951304743	1000
1749049951304793	1000
1749049951304914	1000
1749049951304921	1000
1749049951304966	1000
1749049951305042	1000
1749049951305123	1000
1749049951305164	1000
1749049951305248	1000
1749049951305308	1000
1749049951305333	1000
1749049951305395	1000
1749049951305459	1000
1749049951305611	1000
1749049951305618	1000
1749049951305668	1000
1749049951305750	1000
1749049951305785	1000
1749049951305833	1000
1749049951305896	1000
1749049951305957	1000
1749049951306099	1000
1749049951306104	1000
1749049951306193	1000
1749049951306238	1000
1749049951306306	1000
1749049951306403	1000
1749049951306410	1000
1749049951306485	1000
1749049951306557	1000
1749049951306591	1000
1749049951306648	1000
1749049951306716	1000
1749049951306837	1000
1749049951306844	1000
1749049951306935	1000
1749049951346025	1000
1749049951346083	1000
1749049951346346	1000
1749049951346351	1000
1749049951346473	1000
1749049951346537	1000
1749049951346629	1000
1749049951346681	1000
1749049951346719	1000
1749049951346836	1000
1749049951346844	1000
1749049951346896	1000
1749049951346960	1000
1749049951347039	1000
1749049951347116	1000
1749049951347144	1000
1749049951347244	1000
1749049951347290	1000
1749049951347394	1000
1749049951347417	1000
1749049951347476	1000
1749049951347536	1000
1749049951347697	1000
1749049951347702	1000
1749049951347756	1000
1749049951347842	1000
1749049951347878	1000
1749049951348011	1000
1749049951348018	1000
1749049951348152	1000
1749049951348165	1000
1749049951348199	1000
1749049951348262	1000
1749049951348318	1000
1749049951348353	1000
1749049951348415	1000
1749049951348496	1000
1749049951348534	1000
1749049951348608	1000
1749049951348682	1000
1749049951348729	1000
1749049951348824	1000
1749049951348828	1000
1749049951348907	1000
1749049951348955	1000
1749049951349002	1000
1749049951349052	1000
1749049951349114	1000
1749049951349263	1000
1749049951349293	1000
1749049951349299	1000
1749049951349375	1000
1749049951349504	1000
1749049951349509	1000
1749049951349544	1000
1749049951349621	1000
1749049951349684	1000
1749049951349720	1000
1749049951349853	1000
1749049951349863	1000
1749049951349929	1000
1749049951349967	1000
1749049951350077	1000
1749049951350082	1000
1749049951350167	1000
1749049951350229	1000
1749049951350360	1000
1749049951350367	1000
1749049951350421	1000
1749049951350454	1000
1749049951350566	1000
1749049951350576	1000
1749049951350633	1000
1749049951350773	1000
1749049951350778	1000
1749049951350932	1000
1749049951350936	1000
1749049951350973	1000
1749049951351023	1000
1749049951351084	1000
1749049951351166	1000
1749049951351204	1000
1749049951351282	1000
1749049951351336	1000
1749049951351438	1000
1749049951351446	1000
1749049951351520	1000
1749049951351551	1000
1749049951351609	1000
1749049951351679	1000
1749049951351735	1000
1749049951351865	1000
1749049951351872	1000
1749049951351990	1000
1749049951352000	1000
1749049951352087	1000
1749049951352093	1000
1749049951352153	1000
1749049951352193	1000
1749049951352324	1000
1749049951352332	1000
1749049951352463	1000
1749049951352507	1000
1749049951352576	1000
1749049951352643	1000
1749049951352712	1000
1749049951352777	1000
1749049951352818	1000
1749049951352905	1000
1749049951352939	1000
1749049951352990	1000
1749049951353093	1000
1749049951353100	1000
1749049951353224	1000
1749049951353230	1000
1749049951353301	1000
1749049951353310	1000
1749049951353390	1000
1749049951353400	1000
1749049951353468	1000
1749049951353600	1000
1749049951353607	1000
1749049951353680	1000
1749049951353688	1000
1749049951353734	1000
1749049951353808	1000
1749049951353901	1000
1749049951353908	1000
1749049951354057	1000
1749049951354122	1000
1749049951354248	1000
1749049951354256	1000
1749049951354357	1000
1749049951354440	1000
1749049951354522	1000
1749049951354623	1000
1749049951354666	1000
1749049951354770	1000
1749049951354779	1000
1749049951354897	1000
1749049951354903	1000
1749049951355027	1000
1749049951355031	1000
1749049951355132	1000
1749049951355165	1000
1749049951355238	1000
1749049951355322	1000
1749049951355354	1000
1749049951355406	1000
1749049951355526	1000
1749049951355533	1000
1749049951355593	1000
1749049951355637	1000
1749049951355718	1000
1749049951396252	1000
1749049951396295	1000
1749049951396557	1000
1749049951396680	1000
1749049951396688	1000
1749049951396793	1000
1749049951396800	1000
1749049951396881	1000
1749049951396940	1000
1749049951396995	1000
1749049951397053	1000
1749049951397119	1000
1749049951397190	1000
1749049951397254	1000
1749049951397307	1000
1749049951397391	1000
1749049951397437	1000
1749049951397534	1000
1749049951397541	1000
1749049951397589	1000
1749049951397737	1000
1749049951397748	1000
1749049951397883	1000
1749049951397940	1000
1749049951398004	1000
1749049951398079	1000
1749049951398131	1000
1749049951398177	1000
1749049951398235	1000
1749049951398373	1000
1749049951398381	1000
1749049951398442	1000
1749049951398507	1000
1749049951398545	1000
1749049951398661	1000
1749049951398668	1000
1749049951398721	1000
1749049951398798	1000
1749049951398828	1000
1749049951398922	1000
1749049951398964	1000
1749049951399044	1000
1749049951399078	1000
1749049951399204	1000
1749049951399208	1000
1749049951399325	1000
1749049951399332	1000
1749049951399399	1000
1749049951399492	1000
1749049951399500	1000
1749049951399539	1000
1749049951399589	1000
1749049951399668	1000
1749049951399699	1000
1749049951399781	1000
1749049951399823	1000
1749049951399956	1000
1749049951399964	1000
1749049951400062	1000
1749049951400067	1000
1749049951400264	1000
1749049951400287	1000
1749049951400301	1000
1749049951400379	1000
1749049951400431	1000
1749049951400456	1000
1749049951400542	1000
1749049951400608	1000
1749049951400647	1000
1749049951400723	1000
1749049951400775	1000
1749049951400857	1000
1749049951400908	1000
1749049951400941	1000
1749049951401001	1000
1749049951401058	1000
1749049951401140	1000
1749049951401190	1000
1749049951401235	1000
1749049951401288	1000
1749049951401403	1000
1749049951401407	1000
1749049951401467	1000
1749049951401538	1000
1749049951401571	1000
1749049951401636	1000
1749049951401691	1000
1749049951401770	1000
1749049951401824	1000
1749049951401870	1000
1749049951401940	1000
1749049951401998	1000
1749049951402095	1000
1749049951402099	1000
1749049951402227	1000
1749049951402342	1000
1749049951402393	1000
1749049951402449	1000
1749049951402508	1000
1749049951402590	1000
1749049951402641	1000
1749049951402686	1000
1749049951402739	1000
1749049951402888	1000
1749049951402951	1000
1749049951402988	1000
1749049951403042	1000
1749049951403099	1000
1749049951403234	1000
1749049951403239	1000
1749049951403270	1000
1749049951403330	1000
1749049951403411	1000
1749049951403447	1000
1749049951403510	1000
1749049951403587	1000
1749049951403628	1000
1749049951403683	1000
1749049951403822	1000
1749049951403829	1000
1749049951403864	1000
1749049951403912	1000
1749049951404055	1000
1749049951404060	1000
1749049951404159	1000
1749049951404168	1000
1749049951404245	1000
1749049951404328	1000
1749049951404355	1000
1749049951404428	1000
1749049951404507	1000
1749049951404537	1000
1749049951404602	1000
1749049951404641	1000
1749049951404742	1000
1749049951404790	1000
1749049951404908	1000
1749049951404917	1000
1749049951404950	1000
1749049951405042	1000
1749049951405072	1000
1749049951405140	1000
1749049951405192	1000
1749049951405266	1000
1749049951405371	1000
1749049951405422	1000
1749049951405441	1000
1749049951405473	1000
1749049951405516	1000
1749049951405589	1000
1749049951405646	1000
1749049951405745	1000
1749049951405808	1000
1749049951405904	1000
1749049951406042	1000
1749049951406071	1000
1749049951406185	1000
1749049951406192	1000
1749049951446082	1000
1749049951446128	1000
1749049951446285	1000
1749049951446428	1000
1749049951446512	1000
1749049951446520	1000
1749049951446575	1000
1749049951446654	1000
1749049951446696	1000
1749049951446764	1000
1749049951446840	1000
1749049951446851	1000
1749049951446909	1000
1749049951447043	1000
1749049951447052	1000
1749049951447124	1000
1749049951447206	1000
1749049951447214	1000
1749049951447308	1000
1749049951447315	1000
1749049951447399	1000
1749049951447404	1000
1749049951447442	1000
1749049951447497	1000
1749049951447577	1000
1749049951447636	1000
1749049951447690	1000
1749049951447715	1000
1749049951447792	1000
1749049951447825	1000
1749049951447882	1000
1749049951447941	1000
1749049951448026	1000
1749049951448082	1000
1749049951448114	1000
1749049951448188	1000
1749049951448257	1000
1749049951448347	1000
1749049951448414	1000
1749049951448455	1000
1749049951448512	1000
1749049951448593	1000
1749049951448674	1000
1749049951448752	1000
1749049951448796	1000
1749049951448865	1000
1749049951448949	1000
1749049951448983	1000
1749049951449043	1000
1749049951449175	1000
1749049951449184	1000
1749049951449216	1000
1749049951449301	1000
1749049951449343	1000
1749049951449428	1000
1749049951449467	1000
1749049951449583	1000
1749049951449591	1000
1749049951449692	1000
1749049951449699	1000
1749049951449807	1000
1749049951449813	1000
1749049951449900	1000
1749049951449905	1000
1749049951450011	1000
1749049951450019	1000
1749049951450130	1000
1749049951450138	1000
1749049951450186	1000
1749049951450292	1000
1749049951450353	1000
1749049951450454	1000
1749049951450461	1000
1749049951450519	1000
1749049951450550	1000
1749049951450609	1000
1749049951450732	1000
1749049951450817	1000
1749049951450942	1000
1749049951450946	1000
1749049951450986	1000
1749049951451057	1000
1749049951451152	1000
1749049951451160	1000
1749049951451196	1000
1749049951451256	1000
1749049951451487	1000
1749049951451493	1000
1749049951451616	1000
1749049951451625	1000
1749049951451655	1000
1749049951451736	1000
1749049951451777	1000
1749049951451814	1000
1749049951451869	1000
1749049951451961	1000
1749049951452031	1000
1749049951452074	1000
1749049951452113	1000
1749049951452169	1000
1749049951452228	1000
1749049951452297	1000
1749049951452343	1000
1749049951452367	1000
1749049951452473	1000
1749049951452481	1000
1749049951452551	1000
1749049951452557	1000
1749049951452622	1000
1749049951452669	1000
1749049951452720	1000
1749049951452804	1000
1749049951452859	1000
1749049951452979	1000
1749049951452986	1000
1749049951453028	1000
1749049951453138	1000
1749049951453146	1000
1749049951453207	1000
1749049951453278	1000
1749049951453332	1000
1749049951453446	1000
1749049951453496	1000
1749049951453556	1000
1749049951453689	1000
1749049951453694	1000
1749049951453775	1000
1749049951453809	1000
1749049951453859	1000
1749049951454013	1000
1749049951454021	1000
1749049951454166	1000
1749049951454174	1000
1749049951454258	1000
1749049951454289	1000
1749049951454383	1000
1749049951454424	1000
1749049951454496	1000
1749049951454526	1000
1749049951454602	1000
1749049951454610	1000
1749049951454708	1000
1749049951454712	1000
1749049951454747	1000
1749049951454899	1000
1749049951454923	1000
1749049951455044	1000
1749049951455087	1000
1749049951455163	1000
1749049951455215	1000
1749049951495757	1000
1749049951495796	1000
1749049951495995	1000
1749049951496107	1000
1749049951496113	1000
1749049951496160	1000
1749049951496230	1000
1749049951496282	1000
1749049951496356	1000
1749049951496457	1000
1749049951496461	1000
1749049951496524	1000
1749049951496581	1000
1749049951496682	1000
1749049951496689	1000
1749049951496824	1000
1749049951496893	1000
1749049951497147	1000
1749049951497300	1000
1749049951497421	1000
1749049951497636	1000
1749049951497772	1000
1749049951497779	1000
1749049951497865	1000
1749049951497929	1000
1749049951498003	1000
1749049951498090	1000
1749049951498159	1000
1749049951498167	1000
1749049951498240	1000
1749049951498274	1000
1749049951498326	1000
1749049951498378	1000
1749049951498472	1000
1749049951498479	1000
1749049951498613	1000
1749049951498652	1000
1749049951498744	1000
1749049951498794	1000
1749049951498873	1000
1749049951498908	1000
1749049951499050	1000
1749049951499054	1000
1749049951499124	1000
1749049951499131	1000
1749049951499171	1000
1749049951499225	1000
1749049951499315	1000
1749049951499356	1000
1749049951499491	1000
